<?xml version="1.0"?>
<!DOCTYPE coverage SYSTEM "http://cobertura.sourceforge.net/xml/coverage-04.dtd">

<coverage line-rate="0.876010781671159" branch-rate="0.8080229226361032" lines-covered="975" lines-valid="1113" branches-covered="282" branches-valid="349" complexity="1.583132530120482" version="2.0.3" timestamp="1433319395788">
	<sources>
		<source>--source</source>
		<source>/Users/didierplaindoux/PersonalWork/oss/smallibs/suitcase/src/main/java</source>
	</sources>
	<packages>
		<package name="smallibs.suitcase.annotations" line-rate="1.0" branch-rate="1.0" complexity="0.0">
			<classes>
				<class name="smallibs.suitcase.annotations.CaseType" filename="smallibs/suitcase/annotations/CaseType.java" line-rate="1.0" branch-rate="1.0" complexity="0.0">
					<methods>
					</methods>
					<lines>
					</lines>
				</class>
			</classes>
		</package>
		<package name="smallibs.suitcase.cases" line-rate="1.0" branch-rate="1.0" complexity="1.0">
			<classes>
				<class name="smallibs.suitcase.cases.Case" filename="smallibs/suitcase/cases/Case.java" line-rate="1.0" branch-rate="1.0" complexity="1.0">
					<methods>
					</methods>
					<lines>
					</lines>
				</class>
				<class name="smallibs.suitcase.cases.MatchResult" filename="smallibs/suitcase/cases/MatchResult.java" line-rate="1.0" branch-rate="1.0" complexity="1.0">
					<methods>
						<method name="&lt;init&gt;" signature="(Ljava/lang/Object;)V" line-rate="1.0" branch-rate="1.0">
							<lines>
								<line number="29" hits="114327" branch="false"/>
								<line number="30" hits="114327" branch="false"/>
								<line number="31" hits="114327" branch="false"/>
								<line number="32" hits="114327" branch="false"/>
							</lines>
						</method>
						<method name="&lt;init&gt;" signature="(Ljava/lang/Object;Ljava/lang/Object;)V" line-rate="1.0" branch-rate="1.0">
							<lines>
								<line number="34" hits="26083" branch="false"/>
								<line number="35" hits="26083" branch="false"/>
								<line number="36" hits="26083" branch="false"/>
								<line number="37" hits="26083" branch="false"/>
								<line number="38" hits="26083" branch="false"/>
							</lines>
						</method>
						<method name="bindings" signature="()Ljava/util/List;" line-rate="1.0" branch-rate="1.0">
							<lines>
								<line number="46" hits="20419" branch="false"/>
							</lines>
						</method>
						<method name="matchedObject" signature="()Ljava/lang/Object;" line-rate="1.0" branch-rate="1.0">
							<lines>
								<line number="50" hits="50653" branch="false"/>
							</lines>
						</method>
						<method name="with" signature="(Lsmallibs/suitcase/cases/MatchResult;)Lsmallibs/suitcase/cases/MatchResult;" line-rate="1.0" branch-rate="1.0">
							<lines>
								<line number="41" hits="88044" branch="false"/>
								<line number="42" hits="88044" branch="false"/>
							</lines>
						</method>
					</methods>
					<lines>
						<line number="29" hits="114327" branch="false"/>
						<line number="30" hits="114327" branch="false"/>
						<line number="31" hits="114327" branch="false"/>
						<line number="32" hits="114327" branch="false"/>
						<line number="34" hits="26083" branch="false"/>
						<line number="35" hits="26083" branch="false"/>
						<line number="36" hits="26083" branch="false"/>
						<line number="37" hits="26083" branch="false"/>
						<line number="38" hits="26083" branch="false"/>
						<line number="41" hits="88044" branch="false"/>
						<line number="42" hits="88044" branch="false"/>
						<line number="46" hits="20419" branch="false"/>
						<line number="50" hits="50653" branch="false"/>
					</lines>
				</class>
			</classes>
		</package>
		<package name="smallibs.suitcase.cases.core" line-rate="0.9166666666666666" branch-rate="0.7894736842105263" complexity="1.7058823529411764">
			<classes>
				<class name="smallibs.suitcase.cases.core.Any" filename="smallibs/suitcase/cases/core/Any.java" line-rate="1.0" branch-rate="1.0" complexity="1.0">
					<methods>
						<method name="&lt;init&gt;" signature="()V" line-rate="1.0" branch-rate="1.0">
							<lines>
								<line number="28" hits="217" branch="false"/>
							</lines>
						</method>
						<method name="unapply" signature="(Ljava/lang/Object;)Lsmallibs/suitcase/utils/Option;" line-rate="1.0" branch-rate="1.0">
							<lines>
								<line number="32" hits="10324" branch="false"/>
							</lines>
						</method>
						<method name="variableTypes" signature="()Ljava/util/List;" line-rate="1.0" branch-rate="1.0">
							<lines>
								<line number="37" hits="2" branch="false"/>
							</lines>
						</method>
					</methods>
					<lines>
						<line number="28" hits="217" branch="false"/>
						<line number="32" hits="10324" branch="false"/>
						<line number="37" hits="2" branch="false"/>
					</lines>
				</class>
				<class name="smallibs.suitcase.cases.core.Cases" filename="smallibs/suitcase/cases/core/Cases.java" line-rate="0.8823529411764706" branch-rate="0.7777777777777778" complexity="1.8571428571428572">
					<methods>
						<method name="&lt;clinit&gt;" signature="()V" line-rate="1.0" branch-rate="1.0">
							<lines>
								<line number="24" hits="1" branch="false"/>
								<line number="66" hits="1" branch="false"/>
								<line number="67" hits="1" branch="false"/>
							</lines>
						</method>
						<method name="&lt;init&gt;" signature="()V" line-rate="0.0" branch-rate="1.0">
							<lines>
								<line number="69" hits="0" branch="false"/>
								<line number="71" hits="0" branch="false"/>
							</lines>
						</method>
						<method name="any" signature="()Lsmallibs/suitcase/cases/Case;" line-rate="1.0" branch-rate="1.0">
							<lines>
								<line number="92" hits="217" branch="false"/>
							</lines>
						</method>
						<method name="constant" signature="(Ljava/lang/Object;)Lsmallibs/suitcase/cases/Case;" line-rate="1.0" branch-rate="0.5">
							<lines>
								<line number="83" hits="96" branch="true" condition-coverage="50% (2/4)">
									<conditions>
										<condition number="0" type="jump" coverage="50%"/>
										<condition number="1" type="jump" coverage="50%"/>
									</conditions>
								</line>
								<line number="84" hits="96" branch="false"/>
							</lines>
						</method>
						<method name="fromObject" signature="(Ljava/lang/Object;)Lsmallibs/suitcase/cases/Case;" line-rate="1.0" branch-rate="1.0">
							<lines>
								<line number="74" hits="772" branch="true" condition-coverage="100% (2/2)">
									<conditions>
										<condition number="0" type="jump" coverage="100%"/>
									</conditions>
								</line>
								<line number="75" hits="769" branch="true" condition-coverage="100% (2/2)">
									<conditions>
										<condition number="0" type="jump" coverage="100%"/>
									</conditions>
								</line>
								<line number="76" hits="595" branch="true" condition-coverage="100% (2/2)">
									<conditions>
										<condition number="0" type="jump" coverage="100%"/>
									</conditions>
								</line>
								<line number="77" hits="558" branch="true" condition-coverage="100% (2/2)">
									<conditions>
										<condition number="0" type="jump" coverage="100%"/>
									</conditions>
								</line>
								<line number="78" hits="554" branch="true" condition-coverage="100% (2/2)">
									<conditions>
										<condition number="0" type="jump" coverage="100%"/>
									</conditions>
								</line>
								<line number="79" hits="93" branch="false"/>
							</lines>
						</method>
						<method name="nil" signature="()Lsmallibs/suitcase/cases/Case;" line-rate="1.0" branch-rate="1.0">
							<lines>
								<line number="88" hits="5" branch="false"/>
							</lines>
						</method>
						<method name="typeOf" signature="(Ljava/lang/Class;)Lsmallibs/suitcase/cases/Case;" line-rate="1.0" branch-rate="0.5">
							<lines>
								<line number="96" hits="25173" branch="true" condition-coverage="50% (2/4)">
									<conditions>
										<condition number="0" type="jump" coverage="50%"/>
										<condition number="1" type="jump" coverage="50%"/>
									</conditions>
								</line>
								<line number="97" hits="25173" branch="false"/>
							</lines>
						</method>
					</methods>
					<lines>
						<line number="24" hits="1" branch="false"/>
						<line number="66" hits="1" branch="false"/>
						<line number="67" hits="1" branch="false"/>
						<line number="69" hits="0" branch="false"/>
						<line number="71" hits="0" branch="false"/>
						<line number="74" hits="772" branch="true" condition-coverage="100% (2/2)">
							<conditions>
								<condition number="0" type="jump" coverage="100%"/>
							</conditions>
						</line>
						<line number="75" hits="769" branch="true" condition-coverage="100% (2/2)">
							<conditions>
								<condition number="0" type="jump" coverage="100%"/>
							</conditions>
						</line>
						<line number="76" hits="595" branch="true" condition-coverage="100% (2/2)">
							<conditions>
								<condition number="0" type="jump" coverage="100%"/>
							</conditions>
						</line>
						<line number="77" hits="558" branch="true" condition-coverage="100% (2/2)">
							<conditions>
								<condition number="0" type="jump" coverage="100%"/>
							</conditions>
						</line>
						<line number="78" hits="554" branch="true" condition-coverage="100% (2/2)">
							<conditions>
								<condition number="0" type="jump" coverage="100%"/>
							</conditions>
						</line>
						<line number="79" hits="93" branch="false"/>
						<line number="83" hits="96" branch="true" condition-coverage="50% (2/4)">
							<conditions>
								<condition number="0" type="jump" coverage="50%"/>
								<condition number="1" type="jump" coverage="50%"/>
							</conditions>
						</line>
						<line number="84" hits="96" branch="false"/>
						<line number="88" hits="5" branch="false"/>
						<line number="92" hits="217" branch="false"/>
						<line number="96" hits="25173" branch="true" condition-coverage="50% (2/4)">
							<conditions>
								<condition number="0" type="jump" coverage="50%"/>
								<condition number="1" type="jump" coverage="50%"/>
							</conditions>
						</line>
						<line number="97" hits="25173" branch="false"/>
					</lines>
				</class>
				<class name="smallibs.suitcase.cases.core.Cases$AnyObject" filename="smallibs/suitcase/cases/core/Cases.java" line-rate="0.6666666666666666" branch-rate="0.25" complexity="1.8571428571428572">
					<methods>
						<method name="&lt;init&gt;" signature="()V" line-rate="1.0" branch-rate="1.0">
							<lines>
								<line number="26" hits="1" branch="false"/>
							</lines>
						</method>
						<method name="equals" signature="(Ljava/lang/Object;)Z" line-rate="1.0" branch-rate="0.25">
							<lines>
								<line number="29" hits="174" branch="true" condition-coverage="25% (1/4)">
									<conditions>
										<condition number="0" type="jump" coverage="50%"/>
										<condition number="1" type="jump" coverage="0%"/>
									</conditions>
								</line>
							</lines>
						</method>
						<method name="hashCode" signature="()I" line-rate="0.0" branch-rate="1.0">
							<lines>
								<line number="34" hits="0" branch="false"/>
							</lines>
						</method>
					</methods>
					<lines>
						<line number="26" hits="1" branch="false"/>
						<line number="29" hits="174" branch="true" condition-coverage="25% (1/4)">
							<conditions>
								<condition number="0" type="jump" coverage="50%"/>
								<condition number="1" type="jump" coverage="0%"/>
							</conditions>
						</line>
						<line number="34" hits="0" branch="false"/>
					</lines>
				</class>
				<class name="smallibs.suitcase.cases.core.Cases$VariableObject" filename="smallibs/suitcase/cases/core/Cases.java" line-rate="0.8571428571428571" branch-rate="0.75" complexity="1.8571428571428572">
					<methods>
						<method name="&lt;init&gt;" signature="()V" line-rate="1.0" branch-rate="1.0">
							<lines>
								<line number="38" hits="1" branch="false"/>
							</lines>
						</method>
						<method name="equals" signature="(Ljava/lang/Object;)Z" line-rate="1.0" branch-rate="0.75">
							<lines>
								<line number="41" hits="74" branch="true" condition-coverage="75% (3/4)">
									<conditions>
										<condition number="0" type="jump" coverage="100%"/>
										<condition number="1" type="jump" coverage="50%"/>
									</conditions>
								</line>
							</lines>
						</method>
						<method name="hashCode" signature="()I" line-rate="0.0" branch-rate="1.0">
							<lines>
								<line number="46" hits="0" branch="false"/>
							</lines>
						</method>
						<method name="of" signature="(Ljava/lang/Class;)Lsmallibs/suitcase/cases/Case;" line-rate="1.0" branch-rate="1.0">
							<lines>
								<line number="54" hits="1" branch="false"/>
							</lines>
						</method>
						<method name="of" signature="(Ljava/lang/Object;)Lsmallibs/suitcase/cases/Case;" line-rate="1.0" branch-rate="1.0">
							<lines>
								<line number="50" hits="31" branch="false"/>
							</lines>
						</method>
						<method name="of" signature="(Lsmallibs/suitcase/cases/Case;)Lsmallibs/suitcase/cases/Case;" line-rate="1.0" branch-rate="1.0">
							<lines>
								<line number="58" hits="63" branch="false"/>
							</lines>
						</method>
						<method name="of" signature="(Lsmallibs/suitcase/cases/core/Cases$AnyObject;)Lsmallibs/suitcase/cases/Case;" line-rate="1.0" branch-rate="1.0">
							<lines>
								<line number="62" hits="4" branch="false"/>
							</lines>
						</method>
					</methods>
					<lines>
						<line number="38" hits="1" branch="false"/>
						<line number="41" hits="74" branch="true" condition-coverage="75% (3/4)">
							<conditions>
								<condition number="0" type="jump" coverage="100%"/>
								<condition number="1" type="jump" coverage="50%"/>
							</conditions>
						</line>
						<line number="46" hits="0" branch="false"/>
						<line number="50" hits="31" branch="false"/>
						<line number="54" hits="1" branch="false"/>
						<line number="58" hits="63" branch="false"/>
						<line number="62" hits="4" branch="false"/>
					</lines>
				</class>
				<class name="smallibs.suitcase.cases.core.Constant" filename="smallibs/suitcase/cases/core/Constant.java" line-rate="1.0" branch-rate="1.0" complexity="2.0">
					<methods>
						<method name="&lt;init&gt;" signature="(Ljava/lang/Object;)V" line-rate="1.0" branch-rate="1.0">
							<lines>
								<line number="32" hits="96" branch="false"/>
								<line number="33" hits="96" branch="false"/>
								<line number="34" hits="96" branch="false"/>
							</lines>
						</method>
						<method name="unapply" signature="(Ljava/lang/Object;)Lsmallibs/suitcase/utils/Option;" line-rate="1.0" branch-rate="1.0">
							<lines>
								<line number="38" hits="8620" branch="true" condition-coverage="100% (4/4)">
									<conditions>
										<condition number="0" type="jump" coverage="100%"/>
										<condition number="1" type="jump" coverage="100%"/>
									</conditions>
								</line>
								<line number="39" hits="7595" branch="false"/>
								<line number="41" hits="1025" branch="false"/>
							</lines>
						</method>
						<method name="variableTypes" signature="()Ljava/util/List;" line-rate="1.0" branch-rate="1.0">
							<lines>
								<line number="47" hits="888" branch="false"/>
							</lines>
						</method>
					</methods>
					<lines>
						<line number="32" hits="96" branch="false"/>
						<line number="33" hits="96" branch="false"/>
						<line number="34" hits="96" branch="false"/>
						<line number="38" hits="8620" branch="true" condition-coverage="100% (4/4)">
							<conditions>
								<condition number="0" type="jump" coverage="100%"/>
								<condition number="1" type="jump" coverage="100%"/>
							</conditions>
						</line>
						<line number="39" hits="7595" branch="false"/>
						<line number="41" hits="1025" branch="false"/>
						<line number="47" hits="888" branch="false"/>
					</lines>
				</class>
				<class name="smallibs.suitcase.cases.core.Null" filename="smallibs/suitcase/cases/core/Null.java" line-rate="0.8" branch-rate="1.0" complexity="2.0">
					<methods>
						<method name="&lt;init&gt;" signature="()V" line-rate="1.0" branch-rate="1.0">
							<lines>
								<line number="28" hits="5" branch="false"/>
							</lines>
						</method>
						<method name="unapply" signature="(Ljava/lang/Object;)Lsmallibs/suitcase/utils/Option;" line-rate="1.0" branch-rate="1.0">
							<lines>
								<line number="32" hits="5" branch="true" condition-coverage="100% (2/2)">
									<conditions>
										<condition number="0" type="jump" coverage="100%"/>
									</conditions>
								</line>
								<line number="33" hits="3" branch="false"/>
								<line number="35" hits="2" branch="false"/>
							</lines>
						</method>
						<method name="variableTypes" signature="()Ljava/util/List;" line-rate="0.0" branch-rate="1.0">
							<lines>
								<line number="41" hits="0" branch="false"/>
							</lines>
						</method>
					</methods>
					<lines>
						<line number="28" hits="5" branch="false"/>
						<line number="32" hits="5" branch="true" condition-coverage="100% (2/2)">
							<conditions>
								<condition number="0" type="jump" coverage="100%"/>
							</conditions>
						</line>
						<line number="33" hits="3" branch="false"/>
						<line number="35" hits="2" branch="false"/>
						<line number="41" hits="0" branch="false"/>
					</lines>
				</class>
				<class name="smallibs.suitcase.cases.core.ReentrantMatcher" filename="smallibs/suitcase/cases/core/ReentrantMatcher.java" line-rate="1.0" branch-rate="1.0" complexity="1.4">
					<methods>
						<method name="&lt;init&gt;" signature="(Lsmallibs/suitcase/match/Matcher;)V" line-rate="1.0" branch-rate="1.0">
							<lines>
								<line number="34" hits="41" branch="false"/>
								<line number="35" hits="41" branch="false"/>
								<line number="36" hits="41" branch="false"/>
							</lines>
						</method>
						<method name="caseOf" signature="(Ljava/lang/Object;)Lsmallibs/suitcase/match/Matcher$When;" line-rate="1.0" branch-rate="1.0">
							<lines>
								<line number="54" hits="72" branch="false"/>
							</lines>
						</method>
						<method name="match" signature="(Ljava/lang/Object;)Ljava/lang/Object;" line-rate="1.0" branch-rate="1.0">
							<lines>
								<line number="59" hits="33" branch="false"/>
							</lines>
						</method>
						<method name="unapply" signature="(Ljava/lang/Object;)Lsmallibs/suitcase/utils/Option;" line-rate="1.0" branch-rate="1.0">
							<lines>
								<line number="41" hits="20791" branch="false"/>
								<line number="42" hits="8680" branch="false"/>
								<line number="43" hits="8680" branch="false"/>
							</lines>
						</method>
						<method name="variableTypes" signature="()Ljava/util/List;" line-rate="1.0" branch-rate="1.0">
							<lines>
								<line number="49" hits="954" branch="false"/>
							</lines>
						</method>
					</methods>
					<lines>
						<line number="34" hits="41" branch="false"/>
						<line number="35" hits="41" branch="false"/>
						<line number="36" hits="41" branch="false"/>
						<line number="41" hits="20791" branch="false"/>
						<line number="42" hits="8680" branch="false"/>
						<line number="43" hits="8680" branch="false"/>
						<line number="49" hits="954" branch="false"/>
						<line number="54" hits="72" branch="false"/>
						<line number="59" hits="33" branch="false"/>
					</lines>
				</class>
				<class name="smallibs.suitcase.cases.core.TypeOf" filename="smallibs/suitcase/cases/core/TypeOf.java" line-rate="0.8571428571428571" branch-rate="1.0" complexity="2.0">
					<methods>
						<method name="&lt;init&gt;" signature="(Ljava/lang/Class;)V" line-rate="1.0" branch-rate="1.0">
							<lines>
								<line number="31" hits="25173" branch="false"/>
								<line number="32" hits="25173" branch="false"/>
								<line number="33" hits="25173" branch="false"/>
							</lines>
						</method>
						<method name="unapply" signature="(Ljava/lang/Object;)Lsmallibs/suitcase/utils/Option;" line-rate="1.0" branch-rate="1.0">
							<lines>
								<line number="37" hits="25175" branch="true" condition-coverage="100% (4/4)">
									<conditions>
										<condition number="0" type="jump" coverage="100%"/>
										<condition number="1" type="jump" coverage="100%"/>
									</conditions>
								</line>
								<line number="38" hits="25171" branch="false"/>
								<line number="40" hits="4" branch="false"/>
							</lines>
						</method>
						<method name="variableTypes" signature="()Ljava/util/List;" line-rate="0.0" branch-rate="1.0">
							<lines>
								<line number="46" hits="0" branch="false"/>
							</lines>
						</method>
					</methods>
					<lines>
						<line number="31" hits="25173" branch="false"/>
						<line number="32" hits="25173" branch="false"/>
						<line number="33" hits="25173" branch="false"/>
						<line number="37" hits="25175" branch="true" condition-coverage="100% (4/4)">
							<conditions>
								<condition number="0" type="jump" coverage="100%"/>
								<condition number="1" type="jump" coverage="100%"/>
							</conditions>
						</line>
						<line number="38" hits="25171" branch="false"/>
						<line number="40" hits="4" branch="false"/>
						<line number="46" hits="0" branch="false"/>
					</lines>
				</class>
				<class name="smallibs.suitcase.cases.core.Var" filename="smallibs/suitcase/cases/core/Var.java" line-rate="1.0" branch-rate="1.0" complexity="1.4">
					<methods>
						<method name="&lt;init&gt;" signature="(Ljava/lang/Class;Ljava/lang/Object;)V" line-rate="1.0" branch-rate="1.0">
							<lines>
								<line number="14" hits="99" branch="false"/>
								<line number="15" hits="99" branch="false"/>
								<line number="16" hits="99" branch="false"/>
								<line number="17" hits="99" branch="false"/>
							</lines>
						</method>
						<method name="&lt;init&gt;" signature="(Ljava/lang/Object;)V" line-rate="1.0" branch-rate="1.0">
							<lines>
								<line number="20" hits="99" branch="false"/>
								<line number="21" hits="99" branch="false"/>
							</lines>
						</method>
						<method name="getValue" signature="()Lsmallibs/suitcase/cases/Case;" line-rate="1.0" branch-rate="1.0">
							<lines>
								<line number="34" hits="10366" branch="false"/>
							</lines>
						</method>
						<method name="unapply" signature="(Ljava/lang/Object;)Lsmallibs/suitcase/utils/Option;" line-rate="1.0" branch-rate="1.0">
							<lines>
								<line number="25" hits="28064" branch="false"/>
								<line number="26" hits="28063" branch="true" condition-coverage="100% (2/2)">
									<conditions>
										<condition number="0" type="jump" coverage="100%"/>
									</conditions>
								</line>
								<line number="27" hits="5744" branch="false"/>
								<line number="29" hits="22319" branch="false"/>
							</lines>
						</method>
						<method name="variableTypes" signature="()Ljava/util/List;" line-rate="1.0" branch-rate="1.0">
							<lines>
								<line number="39" hits="916" branch="false"/>
								<line number="40" hits="916" branch="false"/>
								<line number="41" hits="916" branch="false"/>
							</lines>
						</method>
					</methods>
					<lines>
						<line number="14" hits="99" branch="false"/>
						<line number="15" hits="99" branch="false"/>
						<line number="16" hits="99" branch="false"/>
						<line number="17" hits="99" branch="false"/>
						<line number="20" hits="99" branch="false"/>
						<line number="21" hits="99" branch="false"/>
						<line number="25" hits="28064" branch="false"/>
						<line number="26" hits="28063" branch="true" condition-coverage="100% (2/2)">
							<conditions>
								<condition number="0" type="jump" coverage="100%"/>
							</conditions>
						</line>
						<line number="27" hits="5744" branch="false"/>
						<line number="29" hits="22319" branch="false"/>
						<line number="34" hits="10366" branch="false"/>
						<line number="39" hits="916" branch="false"/>
						<line number="40" hits="916" branch="false"/>
						<line number="41" hits="916" branch="false"/>
					</lines>
				</class>
			</classes>
		</package>
		<package name="smallibs.suitcase.cases.genlex" line-rate="0.9382022471910112" branch-rate="0.881578947368421" complexity="1.48">
			<classes>
				<class name="smallibs.suitcase.cases.genlex.JavaLexer" filename="smallibs/suitcase/cases/genlex/JavaLexer.java" line-rate="1.0" branch-rate="1.0" complexity="1.0">
					<methods>
						<method name="&lt;clinit&gt;" signature="()V" line-rate="1.0" branch-rate="1.0">
							<lines>
								<line number="23" hits="1" branch="false"/>
							</lines>
						</method>
						<method name="&lt;init&gt;" signature="()V" line-rate="1.0" branch-rate="1.0">
							<lines>
								<line number="26" hits="19" branch="false"/>
								<line number="28" hits="19" branch="false"/>
								<line number="30" hits="19" branch="false"/>
								<line number="32" hits="19" branch="false"/>
								<line number="34" hits="19" branch="false"/>
								<line number="36" hits="19" branch="false"/>
								<line number="37" hits="19" branch="false"/>
							</lines>
						</method>
					</methods>
					<lines>
						<line number="23" hits="1" branch="false"/>
						<line number="26" hits="19" branch="false"/>
						<line number="28" hits="19" branch="false"/>
						<line number="30" hits="19" branch="false"/>
						<line number="32" hits="19" branch="false"/>
						<line number="34" hits="19" branch="false"/>
						<line number="36" hits="19" branch="false"/>
						<line number="37" hits="19" branch="false"/>
					</lines>
				</class>
				<class name="smallibs.suitcase.cases.genlex.Lexer" filename="smallibs/suitcase/cases/genlex/Lexer.java" line-rate="1.0" branch-rate="1.0" complexity="1.1666666666666667">
					<methods>
						<method name="&lt;init&gt;" signature="()V" line-rate="1.0" branch-rate="1.0">
							<lines>
								<line number="30" hits="43" branch="false"/>
								<line number="31" hits="43" branch="false"/>
								<line number="32" hits="43" branch="false"/>
								<line number="33" hits="43" branch="false"/>
							</lines>
						</method>
						<method name="getSkipped" signature="()Ljava/util/List;" line-rate="1.0" branch-rate="1.0">
							<lines>
								<line number="56" hits="34199" branch="false"/>
							</lines>
						</method>
						<method name="getTokenizers" signature="()Ljava/util/List;" line-rate="1.0" branch-rate="1.0">
							<lines>
								<line number="52" hits="20152" branch="false"/>
							</lines>
						</method>
						<method name="parse" signature="(Ljava/lang/CharSequence;)Lsmallibs/suitcase/cases/genlex/TokenStream;" line-rate="1.0" branch-rate="1.0">
							<lines>
								<line number="48" hits="64" branch="false"/>
							</lines>
						</method>
						<method name="skip" signature="([Ljava/lang/String;)Lsmallibs/suitcase/cases/genlex/Lexer;" line-rate="1.0" branch-rate="1.0">
							<lines>
								<line number="36" hits="43" branch="true" condition-coverage="100% (2/2)">
									<conditions>
										<condition number="0" type="jump" coverage="100%"/>
									</conditions>
								</line>
								<line number="37" hits="22" branch="false"/>
								<line number="39" hits="21" branch="false"/>
							</lines>
						</method>
						<method name="tokenizers" signature="([Lsmallibs/suitcase/cases/genlex/Tokenizer;)Lsmallibs/suitcase/cases/genlex/Lexer;" line-rate="1.0" branch-rate="1.0">
							<lines>
								<line number="43" hits="122" branch="false"/>
								<line number="44" hits="122" branch="false"/>
							</lines>
						</method>
					</methods>
					<lines>
						<line number="30" hits="43" branch="false"/>
						<line number="31" hits="43" branch="false"/>
						<line number="32" hits="43" branch="false"/>
						<line number="33" hits="43" branch="false"/>
						<line number="36" hits="43" branch="true" condition-coverage="100% (2/2)">
							<conditions>
								<condition number="0" type="jump" coverage="100%"/>
							</conditions>
						</line>
						<line number="37" hits="22" branch="false"/>
						<line number="39" hits="21" branch="false"/>
						<line number="43" hits="122" branch="false"/>
						<line number="44" hits="122" branch="false"/>
						<line number="48" hits="64" branch="false"/>
						<line number="52" hits="20152" branch="false"/>
						<line number="56" hits="34199" branch="false"/>
					</lines>
				</class>
				<class name="smallibs.suitcase.cases.genlex.Parser" filename="smallibs/suitcase/cases/genlex/Parser.java" line-rate="0.9230769230769231" branch-rate="0.8" complexity="2.138888888888889">
					<methods>
						<method name="&lt;clinit&gt;" signature="()V" line-rate="1.0" branch-rate="1.0">
							<lines>
								<line number="38" hits="1" branch="false"/>
								<line number="39" hits="1" branch="false"/>
								<line number="40" hits="1" branch="false"/>
								<line number="41" hits="1" branch="false"/>
								<line number="42" hits="1" branch="false"/>
							</lines>
						</method>
						<method name="&lt;init&gt;" signature="()V" line-rate="0.0" branch-rate="1.0">
							<lines>
								<line number="372" hits="0" branch="false"/>
							</lines>
						</method>
						<method name="A" signature="(Ljava/lang/String;Ljava/lang/Object;)Lsmallibs/suitcase/cases/genlex/Parser$GenericCase;" line-rate="1.0" branch-rate="1.0">
							<lines>
								<line number="89" hits="3" branch="false"/>
							</lines>
						</method>
						<method name="Alt" signature="([Ljava/lang/Object;)Lsmallibs/suitcase/cases/Case;" line-rate="1.0" branch-rate="1.0">
							<lines>
								<line number="65" hits="7" branch="false"/>
							</lines>
						</method>
						<method name="Float" signature="(Ljava/lang/Object;)Lsmallibs/suitcase/cases/Case;" line-rate="1.0" branch-rate="1.0">
							<lines>
								<line number="81" hits="5" branch="false"/>
							</lines>
						</method>
						<method name="Ident" signature="(Ljava/lang/Object;)Lsmallibs/suitcase/cases/Case;" line-rate="1.0" branch-rate="1.0">
							<lines>
								<line number="73" hits="5" branch="false"/>
							</lines>
						</method>
						<method name="Int" signature="(Ljava/lang/Object;)Lsmallibs/suitcase/cases/Case;" line-rate="1.0" branch-rate="1.0">
							<lines>
								<line number="77" hits="5" branch="false"/>
							</lines>
						</method>
						<method name="Kwd" signature="(Ljava/lang/Object;)Lsmallibs/suitcase/cases/Case;" line-rate="1.0" branch-rate="1.0">
							<lines>
								<line number="69" hits="64" branch="false"/>
							</lines>
						</method>
						<method name="Opt" signature="([Ljava/lang/Object;)Lsmallibs/suitcase/cases/Case;" line-rate="0.6666666666666666" branch-rate="0.5">
							<lines>
								<line number="57" hits="28" branch="true" condition-coverage="50% (1/2)">
									<conditions>
										<condition number="0" type="jump" coverage="50%"/>
									</conditions>
								</line>
								<line number="58" hits="28" branch="false"/>
								<line number="60" hits="0" branch="false"/>
							</lines>
						</method>
						<method name="Seq" signature="([Ljava/lang/Object;)Lsmallibs/suitcase/cases/Case;" line-rate="1.0" branch-rate="1.0">
							<lines>
								<line number="53" hits="41" branch="false"/>
							</lines>
						</method>
						<method name="String" signature="(Ljava/lang/Object;)Lsmallibs/suitcase/cases/Case;" line-rate="1.0" branch-rate="1.0">
							<lines>
								<line number="85" hits="10" branch="false"/>
							</lines>
						</method>
						<method name="access$000" signature="(Lsmallibs/suitcase/cases/genlex/TokenStream;Lsmallibs/suitcase/utils/Option;)Lsmallibs/suitcase/utils/Option;" line-rate="1.0" branch-rate="1.0">
							<lines>
							</lines>
						</method>
						<method name="access$100" signature="(Lsmallibs/suitcase/cases/Case;)Z" line-rate="1.0" branch-rate="1.0">
							<lines>
								<line number="36" hits="67253" branch="false"/>
							</lines>
						</method>
						<method name="isTokenStreamCase" signature="(Lsmallibs/suitcase/cases/Case;)Z" line-rate="1.0" branch-rate="1.0">
							<lines>
								<line number="95" hits="48325" branch="true" condition-coverage="100% (2/2)">
									<conditions>
										<condition number="0" type="jump" coverage="100%"/>
									</conditions>
								</line>
								<line number="96" hits="10346" branch="false"/>
								<line number="98" hits="37979" branch="false"/>
							</lines>
						</method>
						<method name="matchFully" signature="(Lsmallibs/suitcase/cases/genlex/TokenStream;Lsmallibs/suitcase/utils/Option;)Lsmallibs/suitcase/utils/Option;" line-rate="1.0" branch-rate="0.8333333333333334">
							<lines>
								<line number="103" hits="29274" branch="true" condition-coverage="83% (5/6)">
									<conditions>
										<condition number="0" type="jump" coverage="50%"/>
										<condition number="1" type="jump" coverage="100%"/>
										<condition number="2" type="jump" coverage="100%"/>
									</conditions>
								</line>
								<line number="104" hits="1" branch="false"/>
								<line number="107" hits="29273" branch="false"/>
							</lines>
						</method>
						<method name="parser" signature="(Lsmallibs/suitcase/match/Matcher;)Lsmallibs/suitcase/cases/core/ReentrantMatcher;" line-rate="1.0" branch-rate="1.0">
							<lines>
								<line number="45" hits="34" branch="false"/>
							</lines>
						</method>
						<method name="parser" signature="(Lsmallibs/suitcase/match/Matcher;Lsmallibs/suitcase/cases/genlex/Lexer;)Lsmallibs/suitcase/cases/core/ReentrantMatcher;" line-rate="1.0" branch-rate="1.0">
							<lines>
								<line number="49" hits="7" branch="false"/>
							</lines>
						</method>
					</methods>
					<lines>
						<line number="36" hits="67253" branch="false"/>
						<line number="38" hits="1" branch="false"/>
						<line number="39" hits="1" branch="false"/>
						<line number="40" hits="1" branch="false"/>
						<line number="41" hits="1" branch="false"/>
						<line number="42" hits="1" branch="false"/>
						<line number="45" hits="34" branch="false"/>
						<line number="49" hits="7" branch="false"/>
						<line number="53" hits="41" branch="false"/>
						<line number="57" hits="28" branch="true" condition-coverage="50% (1/2)">
							<conditions>
								<condition number="0" type="jump" coverage="50%"/>
							</conditions>
						</line>
						<line number="58" hits="28" branch="false"/>
						<line number="60" hits="0" branch="false"/>
						<line number="65" hits="7" branch="false"/>
						<line number="69" hits="64" branch="false"/>
						<line number="73" hits="5" branch="false"/>
						<line number="77" hits="5" branch="false"/>
						<line number="81" hits="5" branch="false"/>
						<line number="85" hits="10" branch="false"/>
						<line number="89" hits="3" branch="false"/>
						<line number="95" hits="48325" branch="true" condition-coverage="100% (2/2)">
							<conditions>
								<condition number="0" type="jump" coverage="100%"/>
							</conditions>
						</line>
						<line number="96" hits="10346" branch="false"/>
						<line number="98" hits="37979" branch="false"/>
						<line number="103" hits="29274" branch="true" condition-coverage="83% (5/6)">
							<conditions>
								<condition number="0" type="jump" coverage="50%"/>
								<condition number="1" type="jump" coverage="100%"/>
								<condition number="2" type="jump" coverage="100%"/>
							</conditions>
						</line>
						<line number="104" hits="1" branch="false"/>
						<line number="107" hits="29273" branch="false"/>
						<line number="372" hits="0" branch="false"/>
					</lines>
				</class>
				<class name="smallibs.suitcase.cases.genlex.Parser$AltCase" filename="smallibs/suitcase/cases/genlex/Parser.java" line-rate="0.5806451612903226" branch-rate="0.5833333333333334" complexity="2.138888888888889">
					<methods>
						<method name="&lt;init&gt;" signature="([Ljava/lang/Object;)V" line-rate="1.0" branch-rate="1.0">
							<lines>
								<line number="319" hits="7" branch="false"/>
								<line number="320" hits="7" branch="false"/>
								<line number="321" hits="22" branch="true" condition-coverage="100% (2/2)">
									<conditions>
										<condition number="0" type="jump" coverage="100%"/>
									</conditions>
								</line>
								<line number="322" hits="15" branch="false"/>
								<line number="323" hits="15" branch="false"/>
								<line number="325" hits="7" branch="false"/>
							</lines>
						</method>
						<method name="unapply" signature="(Ljava/lang/Object;)Lsmallibs/suitcase/utils/Option;" line-rate="1.0" branch-rate="1.0">
							<lines>
								<line number="315" hits="3758" branch="false"/>
							</lines>
						</method>
						<method name="unapply" signature="(Lsmallibs/suitcase/cases/genlex/TokenStream;)Lsmallibs/suitcase/utils/Option;" line-rate="0.6875" branch-rate="0.8333333333333334">
							<lines>
								<line number="329" hits="3758" branch="true" condition-coverage="100% (2/2)">
									<conditions>
										<condition number="0" type="jump" coverage="100%"/>
									</conditions>
								</line>
								<line number="330" hits="6659" branch="false"/>
								<line number="333" hits="6659" branch="true" condition-coverage="50% (1/2)">
									<conditions>
										<condition number="0" type="jump" coverage="50%"/>
									</conditions>
								</line>
								<line number="334" hits="6659" branch="false"/>
								<line number="335" hits="6659" branch="false"/>
								<line number="336" hits="6659" branch="false"/>
								<line number="338" hits="0" branch="false"/>
								<line number="339" hits="0" branch="false"/>
								<line number="340" hits="0" branch="false"/>
								<line number="341" hits="0" branch="false"/>
								<line number="342" hits="0" branch="false"/>
								<line number="345" hits="6659" branch="true" condition-coverage="100% (2/2)">
									<conditions>
										<condition number="0" type="jump" coverage="100%"/>
									</conditions>
								</line>
								<line number="346" hits="899" branch="false"/>
								<line number="347" hits="899" branch="false"/>
								<line number="349" hits="5760" branch="false"/>
								<line number="351" hits="2859" branch="false"/>
							</lines>
						</method>
						<method name="variableTypes" signature="()Ljava/util/List;" line-rate="0.0" branch-rate="0.0">
							<lines>
								<line number="356" hits="0" branch="false"/>
								<line number="358" hits="0" branch="true" condition-coverage="0% (0/2)">
									<conditions>
										<condition number="0" type="jump" coverage="0%"/>
									</conditions>
								</line>
								<line number="359" hits="0" branch="false"/>
								<line number="360" hits="0" branch="true" condition-coverage="0% (0/2)">
									<conditions>
										<condition number="0" type="jump" coverage="0%"/>
									</conditions>
								</line>
								<line number="361" hits="0" branch="false"/>
								<line number="362" hits="0" branch="false"/>
								<line number="364" hits="0" branch="false"/>
								<line number="366" hits="0" branch="false"/>
							</lines>
						</method>
					</methods>
					<lines>
						<line number="315" hits="3758" branch="false"/>
						<line number="319" hits="7" branch="false"/>
						<line number="320" hits="7" branch="false"/>
						<line number="321" hits="22" branch="true" condition-coverage="100% (2/2)">
							<conditions>
								<condition number="0" type="jump" coverage="100%"/>
							</conditions>
						</line>
						<line number="322" hits="15" branch="false"/>
						<line number="323" hits="15" branch="false"/>
						<line number="325" hits="7" branch="false"/>
						<line number="329" hits="3758" branch="true" condition-coverage="100% (2/2)">
							<conditions>
								<condition number="0" type="jump" coverage="100%"/>
							</conditions>
						</line>
						<line number="330" hits="6659" branch="false"/>
						<line number="333" hits="6659" branch="true" condition-coverage="50% (1/2)">
							<conditions>
								<condition number="0" type="jump" coverage="50%"/>
							</conditions>
						</line>
						<line number="334" hits="6659" branch="false"/>
						<line number="335" hits="6659" branch="false"/>
						<line number="336" hits="6659" branch="false"/>
						<line number="338" hits="0" branch="false"/>
						<line number="339" hits="0" branch="false"/>
						<line number="340" hits="0" branch="false"/>
						<line number="341" hits="0" branch="false"/>
						<line number="342" hits="0" branch="false"/>
						<line number="345" hits="6659" branch="true" condition-coverage="100% (2/2)">
							<conditions>
								<condition number="0" type="jump" coverage="100%"/>
							</conditions>
						</line>
						<line number="346" hits="899" branch="false"/>
						<line number="347" hits="899" branch="false"/>
						<line number="349" hits="5760" branch="false"/>
						<line number="351" hits="2859" branch="false"/>
						<line number="356" hits="0" branch="false"/>
						<line number="358" hits="0" branch="true" condition-coverage="0% (0/2)">
							<conditions>
								<condition number="0" type="jump" coverage="0%"/>
							</conditions>
						</line>
						<line number="359" hits="0" branch="false"/>
						<line number="360" hits="0" branch="true" condition-coverage="0% (0/2)">
							<conditions>
								<condition number="0" type="jump" coverage="0%"/>
							</conditions>
						</line>
						<line number="361" hits="0" branch="false"/>
						<line number="362" hits="0" branch="false"/>
						<line number="364" hits="0" branch="false"/>
						<line number="366" hits="0" branch="false"/>
					</lines>
				</class>
				<class name="smallibs.suitcase.cases.genlex.Parser$FloatCase" filename="smallibs/suitcase/cases/genlex/Parser.java" line-rate="1.0" branch-rate="1.0" complexity="2.138888888888889">
					<methods>
						<method name="&lt;init&gt;" signature="(Ljava/lang/Object;)V" line-rate="1.0" branch-rate="1.0">
							<lines>
								<line number="218" hits="5" branch="false"/>
								<line number="219" hits="5" branch="false"/>
							</lines>
						</method>
					</methods>
					<lines>
						<line number="218" hits="5" branch="false"/>
						<line number="219" hits="5" branch="false"/>
					</lines>
				</class>
				<class name="smallibs.suitcase.cases.genlex.Parser$GenericCase" filename="smallibs/suitcase/cases/genlex/Parser.java" line-rate="0.8571428571428571" branch-rate="0.5" complexity="2.138888888888889">
					<methods>
						<method name="&lt;init&gt;" signature="(Ljava/lang/String;Ljava/lang/Object;)V" line-rate="1.0" branch-rate="1.0">
							<lines>
								<line number="200" hits="3" branch="false"/>
								<line number="201" hits="3" branch="false"/>
								<line number="202" hits="3" branch="false"/>
							</lines>
						</method>
						<method name="unapplyToken" signature="(Lsmallibs/suitcase/cases/genlex/Token;)Lsmallibs/suitcase/utils/Option;" line-rate="0.75" branch-rate="0.5">
							<lines>
								<line number="206" hits="8" branch="true" condition-coverage="50% (1/2)">
									<conditions>
										<condition number="0" type="jump" coverage="50%"/>
									</conditions>
								</line>
								<line number="207" hits="8" branch="true" condition-coverage="50% (1/2)">
									<conditions>
										<condition number="0" type="jump" coverage="50%"/>
									</conditions>
								</line>
								<line number="208" hits="8" branch="false"/>
								<line number="211" hits="0" branch="false"/>
							</lines>
						</method>
					</methods>
					<lines>
						<line number="200" hits="3" branch="false"/>
						<line number="201" hits="3" branch="false"/>
						<line number="202" hits="3" branch="false"/>
						<line number="206" hits="8" branch="true" condition-coverage="50% (1/2)">
							<conditions>
								<condition number="0" type="jump" coverage="50%"/>
							</conditions>
						</line>
						<line number="207" hits="8" branch="true" condition-coverage="50% (1/2)">
							<conditions>
								<condition number="0" type="jump" coverage="50%"/>
							</conditions>
						</line>
						<line number="208" hits="8" branch="false"/>
						<line number="211" hits="0" branch="false"/>
					</lines>
				</class>
				<class name="smallibs.suitcase.cases.genlex.Parser$IdentCase" filename="smallibs/suitcase/cases/genlex/Parser.java" line-rate="1.0" branch-rate="1.0" complexity="2.138888888888889">
					<methods>
						<method name="&lt;init&gt;" signature="(Ljava/lang/Object;)V" line-rate="1.0" branch-rate="1.0">
							<lines>
								<line number="170" hits="5" branch="false"/>
								<line number="171" hits="5" branch="false"/>
							</lines>
						</method>
					</methods>
					<lines>
						<line number="170" hits="5" branch="false"/>
						<line number="171" hits="5" branch="false"/>
					</lines>
				</class>
				<class name="smallibs.suitcase.cases.genlex.Parser$IntCase" filename="smallibs/suitcase/cases/genlex/Parser.java" line-rate="1.0" branch-rate="1.0" complexity="2.138888888888889">
					<methods>
						<method name="&lt;init&gt;" signature="(Ljava/lang/Object;)V" line-rate="1.0" branch-rate="1.0">
							<lines>
								<line number="184" hits="5" branch="false"/>
								<line number="185" hits="5" branch="false"/>
							</lines>
						</method>
					</methods>
					<lines>
						<line number="184" hits="5" branch="false"/>
						<line number="185" hits="5" branch="false"/>
					</lines>
				</class>
				<class name="smallibs.suitcase.cases.genlex.Parser$KeywordCase" filename="smallibs/suitcase/cases/genlex/Parser.java" line-rate="1.0" branch-rate="1.0" complexity="2.138888888888889">
					<methods>
						<method name="&lt;init&gt;" signature="(Ljava/lang/Object;)V" line-rate="1.0" branch-rate="1.0">
							<lines>
								<line number="177" hits="64" branch="false"/>
								<line number="178" hits="64" branch="false"/>
							</lines>
						</method>
					</methods>
					<lines>
						<line number="177" hits="64" branch="false"/>
						<line number="178" hits="64" branch="false"/>
					</lines>
				</class>
				<class name="smallibs.suitcase.cases.genlex.Parser$OptCase" filename="smallibs/suitcase/cases/genlex/Parser.java" line-rate="0.9523809523809523" branch-rate="1.0" complexity="2.138888888888889">
					<methods>
						<method name="&lt;init&gt;" signature="(Ljava/lang/Object;)V" line-rate="1.0" branch-rate="1.0">
							<lines>
								<line number="376" hits="28" branch="false"/>
								<line number="377" hits="28" branch="false"/>
								<line number="378" hits="28" branch="false"/>
							</lines>
						</method>
						<method name="unapply" signature="(Ljava/lang/Object;)Lsmallibs/suitcase/utils/Option;" line-rate="1.0" branch-rate="1.0">
							<lines>
								<line number="372" hits="4695" branch="false"/>
							</lines>
						</method>
						<method name="unapply" signature="(Lsmallibs/suitcase/cases/genlex/TokenStream;)Lsmallibs/suitcase/utils/Option;" line-rate="1.0" branch-rate="1.0">
							<lines>
								<line number="382" hits="4695" branch="false"/>
								<line number="383" hits="4695" branch="false"/>
								<line number="387" hits="4695" branch="true" condition-coverage="100% (2/2)">
									<conditions>
										<condition number="0" type="jump" coverage="100%"/>
									</conditions>
								</line>
								<line number="388" hits="3739" branch="false"/>
								<line number="389" hits="3739" branch="false"/>
								<line number="390" hits="3739" branch="false"/>
								<line number="391" hits="3739" branch="true" condition-coverage="100% (2/2)">
									<conditions>
										<condition number="0" type="jump" coverage="100%"/>
									</conditions>
								</line>
								<line number="392" hits="2848" branch="false"/>
								<line number="393" hits="2848" branch="false"/>
								<line number="394" hits="3739" branch="false"/>
								<line number="396" hits="956" branch="false"/>
								<line number="397" hits="956" branch="false"/>
								<line number="398" hits="956" branch="true" condition-coverage="100% (2/2)">
									<conditions>
										<condition number="0" type="jump" coverage="100%"/>
									</conditions>
								</line>
								<line number="399" hits="916" branch="false"/>
								<line number="400" hits="916" branch="false"/>
								<line number="403" hits="4695" branch="false"/>
							</lines>
						</method>
						<method name="variableTypes" signature="()Ljava/util/List;" line-rate="0.0" branch-rate="1.0">
							<lines>
								<line number="408" hits="0" branch="false"/>
							</lines>
						</method>
					</methods>
					<lines>
						<line number="372" hits="4695" branch="false"/>
						<line number="376" hits="28" branch="false"/>
						<line number="377" hits="28" branch="false"/>
						<line number="378" hits="28" branch="false"/>
						<line number="382" hits="4695" branch="false"/>
						<line number="383" hits="4695" branch="false"/>
						<line number="387" hits="4695" branch="true" condition-coverage="100% (2/2)">
							<conditions>
								<condition number="0" type="jump" coverage="100%"/>
							</conditions>
						</line>
						<line number="388" hits="3739" branch="false"/>
						<line number="389" hits="3739" branch="false"/>
						<line number="390" hits="3739" branch="false"/>
						<line number="391" hits="3739" branch="true" condition-coverage="100% (2/2)">
							<conditions>
								<condition number="0" type="jump" coverage="100%"/>
							</conditions>
						</line>
						<line number="392" hits="2848" branch="false"/>
						<line number="393" hits="2848" branch="false"/>
						<line number="394" hits="3739" branch="false"/>
						<line number="396" hits="956" branch="false"/>
						<line number="397" hits="956" branch="false"/>
						<line number="398" hits="956" branch="true" condition-coverage="100% (2/2)">
							<conditions>
								<condition number="0" type="jump" coverage="100%"/>
							</conditions>
						</line>
						<line number="399" hits="916" branch="false"/>
						<line number="400" hits="916" branch="false"/>
						<line number="403" hits="4695" branch="false"/>
						<line number="408" hits="0" branch="false"/>
					</lines>
				</class>
				<class name="smallibs.suitcase.cases.genlex.Parser$PrimitiveCase" filename="smallibs/suitcase/cases/genlex/Parser.java" line-rate="1.0" branch-rate="1.0" complexity="2.138888888888889">
					<methods>
						<method name="&lt;init&gt;" signature="(Ljava/lang/Class;Ljava/lang/Object;)V" line-rate="1.0" branch-rate="1.0">
							<lines>
								<line number="121" hits="92" branch="false"/>
								<line number="122" hits="92" branch="false"/>
								<line number="123" hits="92" branch="false"/>
								<line number="124" hits="92" branch="false"/>
							</lines>
						</method>
						<method name="unapply" signature="(Ljava/lang/Object;)Lsmallibs/suitcase/utils/Option;" line-rate="1.0" branch-rate="1.0">
							<lines>
								<line number="117" hits="20128" branch="false"/>
							</lines>
						</method>
						<method name="unapply" signature="(Lsmallibs/suitcase/cases/genlex/TokenStream;)Lsmallibs/suitcase/utils/Option;" line-rate="1.0" branch-rate="1.0">
							<lines>
								<line number="128" hits="20128" branch="false"/>
								<line number="132" hits="20128" branch="false"/>
								<line number="133" hits="54" branch="false"/>
								<line number="134" hits="54" branch="false"/>
								<line number="135" hits="20074" branch="false"/>
								<line number="137" hits="20074" branch="false"/>
								<line number="138" hits="20074" branch="true" condition-coverage="100% (2/2)">
									<conditions>
										<condition number="0" type="jump" coverage="100%"/>
									</conditions>
								</line>
								<line number="139" hits="6753" branch="false"/>
								<line number="142" hits="13321" branch="false"/>
								<line number="144" hits="13321" branch="false"/>
							</lines>
						</method>
						<method name="unapplyToken" signature="(Lsmallibs/suitcase/cases/genlex/Token;)Lsmallibs/suitcase/utils/Option;" line-rate="1.0" branch-rate="1.0">
							<lines>
								<line number="148" hits="20074" branch="true" condition-coverage="100% (2/2)">
									<conditions>
										<condition number="0" type="jump" coverage="100%"/>
									</conditions>
								</line>
								<line number="149" hits="14312" branch="false"/>
								<line number="150" hits="14312" branch="false"/>
								<line number="151" hits="14312" branch="true" condition-coverage="100% (2/2)">
									<conditions>
										<condition number="0" type="jump" coverage="100%"/>
									</conditions>
								</line>
								<line number="152" hits="13321" branch="false"/>
								<line number="156" hits="6753" branch="false"/>
							</lines>
						</method>
						<method name="variableTypes" signature="()Ljava/util/List;" line-rate="1.0" branch-rate="1.0">
							<lines>
								<line number="161" hits="890" branch="false"/>
							</lines>
						</method>
					</methods>
					<lines>
						<line number="117" hits="20128" branch="false"/>
						<line number="121" hits="92" branch="false"/>
						<line number="122" hits="92" branch="false"/>
						<line number="123" hits="92" branch="false"/>
						<line number="124" hits="92" branch="false"/>
						<line number="128" hits="20128" branch="false"/>
						<line number="132" hits="20128" branch="false"/>
						<line number="133" hits="54" branch="false"/>
						<line number="134" hits="54" branch="false"/>
						<line number="135" hits="20074" branch="false"/>
						<line number="137" hits="20074" branch="false"/>
						<line number="138" hits="20074" branch="true" condition-coverage="100% (2/2)">
							<conditions>
								<condition number="0" type="jump" coverage="100%"/>
							</conditions>
						</line>
						<line number="139" hits="6753" branch="false"/>
						<line number="142" hits="13321" branch="false"/>
						<line number="144" hits="13321" branch="false"/>
						<line number="148" hits="20074" branch="true" condition-coverage="100% (2/2)">
							<conditions>
								<condition number="0" type="jump" coverage="100%"/>
							</conditions>
						</line>
						<line number="149" hits="14312" branch="false"/>
						<line number="150" hits="14312" branch="false"/>
						<line number="151" hits="14312" branch="true" condition-coverage="100% (2/2)">
							<conditions>
								<condition number="0" type="jump" coverage="100%"/>
							</conditions>
						</line>
						<line number="152" hits="13321" branch="false"/>
						<line number="156" hits="6753" branch="false"/>
						<line number="161" hits="890" branch="false"/>
					</lines>
				</class>
				<class name="smallibs.suitcase.cases.genlex.Parser$ReentrantParser" filename="smallibs/suitcase/cases/genlex/Parser.java" line-rate="1.0" branch-rate="1.0" complexity="2.138888888888889">
					<methods>
						<method name="&lt;init&gt;" signature="(Lsmallibs/suitcase/match/Matcher;)V" line-rate="1.0" branch-rate="1.0">
							<lines>
								<line number="229" hits="34" branch="false"/>
								<line number="230" hits="34" branch="false"/>
								<line number="231" hits="34" branch="false"/>
							</lines>
						</method>
						<method name="&lt;init&gt;" signature="(Lsmallibs/suitcase/match/Matcher;Lsmallibs/suitcase/cases/genlex/Lexer;)V" line-rate="1.0" branch-rate="1.0">
							<lines>
								<line number="234" hits="7" branch="false"/>
								<line number="235" hits="7" branch="false"/>
								<line number="236" hits="7" branch="false"/>
							</lines>
						</method>
						<method name="unapply" signature="(Ljava/lang/Object;)Lsmallibs/suitcase/utils/Option;" line-rate="1.0" branch-rate="1.0">
							<lines>
								<line number="224" hits="20791" branch="false"/>
							</lines>
						</method>
						<method name="unapply" signature="(Lsmallibs/suitcase/cases/genlex/TokenStream;)Lsmallibs/suitcase/utils/Option;" line-rate="1.0" branch-rate="1.0">
							<lines>
								<line number="240" hits="20791" branch="true" condition-coverage="100% (2/2)">
									<conditions>
										<condition number="0" type="jump" coverage="100%"/>
									</conditions>
								</line>
								<line number="241" hits="20667" branch="false"/>
								<line number="243" hits="124" branch="false"/>
								<line number="245" hits="124" branch="false"/>
								<line number="247" hits="124" branch="false"/>
							</lines>
						</method>
					</methods>
					<lines>
						<line number="224" hits="20791" branch="false"/>
						<line number="229" hits="34" branch="false"/>
						<line number="230" hits="34" branch="false"/>
						<line number="231" hits="34" branch="false"/>
						<line number="234" hits="7" branch="false"/>
						<line number="235" hits="7" branch="false"/>
						<line number="236" hits="7" branch="false"/>
						<line number="240" hits="20791" branch="true" condition-coverage="100% (2/2)">
							<conditions>
								<condition number="0" type="jump" coverage="100%"/>
							</conditions>
						</line>
						<line number="241" hits="20667" branch="false"/>
						<line number="243" hits="124" branch="false"/>
						<line number="245" hits="124" branch="false"/>
						<line number="247" hits="124" branch="false"/>
					</lines>
				</class>
				<class name="smallibs.suitcase.cases.genlex.Parser$SeqCase" filename="smallibs/suitcase/cases/genlex/Parser.java" line-rate="0.9375" branch-rate="1.0" complexity="2.138888888888889">
					<methods>
						<method name="&lt;init&gt;" signature="([Ljava/lang/Object;)V" line-rate="1.0" branch-rate="1.0">
							<lines>
								<line number="259" hits="41" branch="false"/>
								<line number="260" hits="41" branch="false"/>
								<line number="261" hits="150" branch="true" condition-coverage="100% (2/2)">
									<conditions>
										<condition number="0" type="jump" coverage="100%"/>
									</conditions>
								</line>
								<line number="262" hits="109" branch="false"/>
								<line number="263" hits="109" branch="false"/>
								<line number="265" hits="41" branch="false"/>
							</lines>
						</method>
						<method name="unapply" signature="(Ljava/lang/Object;)Lsmallibs/suitcase/utils/Option;" line-rate="1.0" branch-rate="1.0">
							<lines>
								<line number="255" hits="17084" branch="false"/>
							</lines>
						</method>
						<method name="unapply" signature="(Lsmallibs/suitcase/cases/genlex/TokenStream;)Lsmallibs/suitcase/utils/Option;" line-rate="0.9" branch-rate="1.0">
							<lines>
								<line number="269" hits="17084" branch="false"/>
								<line number="270" hits="17084" branch="false"/>
								<line number="271" hits="17084" branch="false"/>
								<line number="273" hits="17084" branch="true" condition-coverage="100% (2/2)">
									<conditions>
										<condition number="0" type="jump" coverage="100%"/>
									</conditions>
								</line>
								<line number="276" hits="31320" branch="true" condition-coverage="100% (2/2)">
									<conditions>
										<condition number="0" type="jump" coverage="100%"/>
									</conditions>
								</line>
								<line number="277" hits="31318" branch="false"/>
								<line number="278" hits="31318" branch="false"/>
								<line number="279" hits="31318" branch="false"/>
								<line number="281" hits="2" branch="false"/>
								<line number="282" hits="2" branch="false"/>
								<line number="283" hits="0" branch="false"/>
								<line number="284" hits="0" branch="false"/>
								<line number="285" hits="2" branch="false"/>
								<line number="288" hits="31320" branch="true" condition-coverage="100% (2/2)">
									<conditions>
										<condition number="0" type="jump" coverage="100%"/>
									</conditions>
								</line>
								<line number="289" hits="6725" branch="false"/>
								<line number="291" hits="24595" branch="false"/>
								<line number="292" hits="24595" branch="false"/>
								<line number="294" hits="24595" branch="false"/>
								<line number="296" hits="10359" branch="false"/>
								<line number="298" hits="10359" branch="false"/>
							</lines>
						</method>
						<method name="variableTypes" signature="()Ljava/util/List;" line-rate="1.0" branch-rate="1.0">
							<lines>
								<line number="303" hits="888" branch="false"/>
								<line number="305" hits="888" branch="true" condition-coverage="100% (2/2)">
									<conditions>
										<condition number="0" type="jump" coverage="100%"/>
									</conditions>
								</line>
								<line number="306" hits="1776" branch="false"/>
								<line number="307" hits="1776" branch="false"/>
								<line number="309" hits="888" branch="false"/>
							</lines>
						</method>
					</methods>
					<lines>
						<line number="255" hits="17084" branch="false"/>
						<line number="259" hits="41" branch="false"/>
						<line number="260" hits="41" branch="false"/>
						<line number="261" hits="150" branch="true" condition-coverage="100% (2/2)">
							<conditions>
								<condition number="0" type="jump" coverage="100%"/>
							</conditions>
						</line>
						<line number="262" hits="109" branch="false"/>
						<line number="263" hits="109" branch="false"/>
						<line number="265" hits="41" branch="false"/>
						<line number="269" hits="17084" branch="false"/>
						<line number="270" hits="17084" branch="false"/>
						<line number="271" hits="17084" branch="false"/>
						<line number="273" hits="17084" branch="true" condition-coverage="100% (2/2)">
							<conditions>
								<condition number="0" type="jump" coverage="100%"/>
							</conditions>
						</line>
						<line number="276" hits="31320" branch="true" condition-coverage="100% (2/2)">
							<conditions>
								<condition number="0" type="jump" coverage="100%"/>
							</conditions>
						</line>
						<line number="277" hits="31318" branch="false"/>
						<line number="278" hits="31318" branch="false"/>
						<line number="279" hits="31318" branch="false"/>
						<line number="281" hits="2" branch="false"/>
						<line number="282" hits="2" branch="false"/>
						<line number="283" hits="0" branch="false"/>
						<line number="284" hits="0" branch="false"/>
						<line number="285" hits="2" branch="false"/>
						<line number="288" hits="31320" branch="true" condition-coverage="100% (2/2)">
							<conditions>
								<condition number="0" type="jump" coverage="100%"/>
							</conditions>
						</line>
						<line number="289" hits="6725" branch="false"/>
						<line number="291" hits="24595" branch="false"/>
						<line number="292" hits="24595" branch="false"/>
						<line number="294" hits="24595" branch="false"/>
						<line number="296" hits="10359" branch="false"/>
						<line number="298" hits="10359" branch="false"/>
						<line number="303" hits="888" branch="false"/>
						<line number="305" hits="888" branch="true" condition-coverage="100% (2/2)">
							<conditions>
								<condition number="0" type="jump" coverage="100%"/>
							</conditions>
						</line>
						<line number="306" hits="1776" branch="false"/>
						<line number="307" hits="1776" branch="false"/>
						<line number="309" hits="888" branch="false"/>
					</lines>
				</class>
				<class name="smallibs.suitcase.cases.genlex.Parser$StringCase" filename="smallibs/suitcase/cases/genlex/Parser.java" line-rate="1.0" branch-rate="1.0" complexity="2.138888888888889">
					<methods>
						<method name="&lt;init&gt;" signature="(Ljava/lang/Object;)V" line-rate="1.0" branch-rate="1.0">
							<lines>
								<line number="191" hits="10" branch="false"/>
								<line number="192" hits="10" branch="false"/>
							</lines>
						</method>
					</methods>
					<lines>
						<line number="191" hits="10" branch="false"/>
						<line number="192" hits="10" branch="false"/>
					</lines>
				</class>
				<class name="smallibs.suitcase.cases.genlex.Parser$TokenStreamCase" filename="smallibs/suitcase/cases/genlex/Parser.java" line-rate="1.0" branch-rate="1.0" complexity="2.138888888888889">
					<methods>
					</methods>
					<lines>
					</lines>
				</class>
				<class name="smallibs.suitcase.cases.genlex.Token" filename="smallibs/suitcase/cases/genlex/Token.java" line-rate="1.0" branch-rate="1.0" complexity="1.0">
					<methods>
						<method name="&lt;init&gt;" signature="()V" line-rate="1.0" branch-rate="1.0">
							<lines>
								<line number="21" hits="34115" branch="false"/>
								<line number="157" hits="34115" branch="false"/>
							</lines>
						</method>
						<method name="Float" signature="(ILjava/lang/Float;)Lsmallibs/suitcase/cases/genlex/Token;" line-rate="1.0" branch-rate="1.0">
							<lines>
								<line number="40" hits="37" branch="false"/>
							</lines>
						</method>
						<method name="Generic" signature="(Ljava/lang/String;ILjava/lang/Object;)Lsmallibs/suitcase/cases/genlex/Token;" line-rate="1.0" branch-rate="1.0">
							<lines>
								<line number="44" hits="12" branch="false"/>
							</lines>
						</method>
						<method name="Ident" signature="(Ljava/lang/String;)Lsmallibs/suitcase/cases/genlex/Token;" line-rate="1.0" branch-rate="1.0">
							<lines>
								<line number="28" hits="60" branch="false"/>
							</lines>
						</method>
						<method name="Int" signature="(II)Lsmallibs/suitcase/cases/genlex/Token;" line-rate="1.0" branch-rate="1.0">
							<lines>
								<line number="36" hits="9" branch="false"/>
							</lines>
						</method>
						<method name="Keyword" signature="(Ljava/lang/String;)Lsmallibs/suitcase/cases/genlex/Token;" line-rate="1.0" branch-rate="1.0">
							<lines>
								<line number="24" hits="8648" branch="false"/>
							</lines>
						</method>
						<method name="String" signature="(ILjava/lang/String;)Lsmallibs/suitcase/cases/genlex/Token;" line-rate="1.0" branch-rate="1.0">
							<lines>
								<line number="32" hits="25349" branch="false"/>
							</lines>
						</method>
					</methods>
					<lines>
						<line number="21" hits="34115" branch="false"/>
						<line number="24" hits="8648" branch="false"/>
						<line number="28" hits="60" branch="false"/>
						<line number="32" hits="25349" branch="false"/>
						<line number="36" hits="9" branch="false"/>
						<line number="40" hits="37" branch="false"/>
						<line number="44" hits="12" branch="false"/>
						<line number="157" hits="34115" branch="false"/>
					</lines>
				</class>
				<class name="smallibs.suitcase.cases.genlex.Token$1" filename="smallibs/suitcase/cases/genlex/Token.java" line-rate="1.0" branch-rate="1.0" complexity="1.0">
					<methods>
					</methods>
					<lines>
					</lines>
				</class>
				<class name="smallibs.suitcase.cases.genlex.Token$FloatToken" filename="smallibs/suitcase/cases/genlex/Token.java" line-rate="1.0" branch-rate="1.0" complexity="1.0">
					<methods>
						<method name="&lt;init&gt;" signature="(IF)V" line-rate="1.0" branch-rate="1.0">
							<lines>
								<line number="161" hits="37" branch="false"/>
								<line number="162" hits="37" branch="false"/>
								<line number="163" hits="37" branch="false"/>
								<line number="164" hits="37" branch="false"/>
							</lines>
						</method>
						<method name="&lt;init&gt;" signature="(IFLsmallibs/suitcase/cases/genlex/Token$1;)V" line-rate="1.0" branch-rate="1.0">
							<lines>
								<line number="157" hits="46" branch="false"/>
							</lines>
						</method>
						<method name="length" signature="()I" line-rate="1.0" branch-rate="1.0">
							<lines>
								<line number="168" hits="37" branch="false"/>
							</lines>
						</method>
						<method name="value" signature="()Ljava/lang/Float;" line-rate="1.0" branch-rate="1.0">
							<lines>
								<line number="173" hits="9" branch="false"/>
							</lines>
						</method>
						<method name="value" signature="()Ljava/lang/Object;" line-rate="1.0" branch-rate="1.0">
							<lines>
							</lines>
						</method>
					</methods>
					<lines>
						<line number="157" hits="46" branch="false"/>
						<line number="161" hits="37" branch="false"/>
						<line number="162" hits="37" branch="false"/>
						<line number="163" hits="37" branch="false"/>
						<line number="164" hits="37" branch="false"/>
						<line number="168" hits="37" branch="false"/>
						<line number="173" hits="9" branch="false"/>
					</lines>
				</class>
				<class name="smallibs.suitcase.cases.genlex.Token$GenericToken" filename="smallibs/suitcase/cases/genlex/Token.java" line-rate="1.0" branch-rate="1.0" complexity="1.0">
					<methods>
						<method name="&lt;init&gt;" signature="(Ljava/lang/String;ILjava/lang/Object;)V" line-rate="1.0" branch-rate="1.0">
							<lines>
								<line number="78" hits="12" branch="false"/>
								<line number="79" hits="12" branch="false"/>
								<line number="80" hits="12" branch="false"/>
								<line number="81" hits="12" branch="false"/>
								<line number="82" hits="12" branch="false"/>
							</lines>
						</method>
						<method name="kind" signature="()Ljava/lang/String;" line-rate="1.0" branch-rate="1.0">
							<lines>
								<line number="90" hits="8" branch="false"/>
							</lines>
						</method>
						<method name="length" signature="()I" line-rate="1.0" branch-rate="1.0">
							<lines>
								<line number="86" hits="12" branch="false"/>
							</lines>
						</method>
						<method name="value" signature="()Ljava/lang/Object;" line-rate="1.0" branch-rate="1.0">
							<lines>
								<line number="95" hits="8" branch="false"/>
							</lines>
						</method>
					</methods>
					<lines>
						<line number="78" hits="12" branch="false"/>
						<line number="79" hits="12" branch="false"/>
						<line number="80" hits="12" branch="false"/>
						<line number="81" hits="12" branch="false"/>
						<line number="82" hits="12" branch="false"/>
						<line number="86" hits="12" branch="false"/>
						<line number="90" hits="8" branch="false"/>
						<line number="95" hits="8" branch="false"/>
					</lines>
				</class>
				<class name="smallibs.suitcase.cases.genlex.Token$IdentToken" filename="smallibs/suitcase/cases/genlex/Token.java" line-rate="1.0" branch-rate="1.0" complexity="1.0">
					<methods>
						<method name="&lt;init&gt;" signature="(Ljava/lang/String;)V" line-rate="1.0" branch-rate="1.0">
							<lines>
								<line number="102" hits="60" branch="false"/>
								<line number="103" hits="60" branch="false"/>
								<line number="104" hits="60" branch="false"/>
							</lines>
						</method>
						<method name="&lt;init&gt;" signature="(Ljava/lang/String;Lsmallibs/suitcase/cases/genlex/Token$1;)V" line-rate="1.0" branch-rate="1.0">
							<lines>
								<line number="99" hits="118" branch="false"/>
							</lines>
						</method>
						<method name="length" signature="()I" line-rate="1.0" branch-rate="1.0">
							<lines>
								<line number="108" hits="60" branch="false"/>
							</lines>
						</method>
						<method name="value" signature="()Ljava/lang/Object;" line-rate="1.0" branch-rate="1.0">
							<lines>
							</lines>
						</method>
						<method name="value" signature="()Ljava/lang/String;" line-rate="1.0" branch-rate="1.0">
							<lines>
								<line number="113" hits="58" branch="false"/>
							</lines>
						</method>
					</methods>
					<lines>
						<line number="99" hits="118" branch="false"/>
						<line number="102" hits="60" branch="false"/>
						<line number="103" hits="60" branch="false"/>
						<line number="104" hits="60" branch="false"/>
						<line number="108" hits="60" branch="false"/>
						<line number="113" hits="58" branch="false"/>
					</lines>
				</class>
				<class name="smallibs.suitcase.cases.genlex.Token$IntToken" filename="smallibs/suitcase/cases/genlex/Token.java" line-rate="1.0" branch-rate="1.0" complexity="1.0">
					<methods>
						<method name="&lt;init&gt;" signature="(II)V" line-rate="1.0" branch-rate="1.0">
							<lines>
								<line number="141" hits="9" branch="false"/>
								<line number="142" hits="9" branch="false"/>
								<line number="143" hits="9" branch="false"/>
								<line number="144" hits="9" branch="false"/>
							</lines>
						</method>
						<method name="&lt;init&gt;" signature="(IILsmallibs/suitcase/cases/genlex/Token$1;)V" line-rate="1.0" branch-rate="1.0">
							<lines>
								<line number="137" hits="18" branch="false"/>
							</lines>
						</method>
						<method name="length" signature="()I" line-rate="1.0" branch-rate="1.0">
							<lines>
								<line number="148" hits="9" branch="false"/>
							</lines>
						</method>
						<method name="value" signature="()Ljava/lang/Integer;" line-rate="1.0" branch-rate="1.0">
							<lines>
								<line number="153" hits="9" branch="false"/>
							</lines>
						</method>
						<method name="value" signature="()Ljava/lang/Object;" line-rate="1.0" branch-rate="1.0">
							<lines>
							</lines>
						</method>
					</methods>
					<lines>
						<line number="137" hits="18" branch="false"/>
						<line number="141" hits="9" branch="false"/>
						<line number="142" hits="9" branch="false"/>
						<line number="143" hits="9" branch="false"/>
						<line number="144" hits="9" branch="false"/>
						<line number="148" hits="9" branch="false"/>
						<line number="153" hits="9" branch="false"/>
					</lines>
				</class>
				<class name="smallibs.suitcase.cases.genlex.Token$KeywordToken" filename="smallibs/suitcase/cases/genlex/Token.java" line-rate="1.0" branch-rate="1.0" complexity="1.0">
					<methods>
						<method name="&lt;init&gt;" signature="(Ljava/lang/String;)V" line-rate="1.0" branch-rate="1.0">
							<lines>
								<line number="58" hits="8648" branch="false"/>
								<line number="59" hits="8648" branch="false"/>
								<line number="60" hits="8648" branch="false"/>
							</lines>
						</method>
						<method name="&lt;init&gt;" signature="(Ljava/lang/String;Lsmallibs/suitcase/cases/genlex/Token$1;)V" line-rate="1.0" branch-rate="1.0">
							<lines>
								<line number="55" hits="17224" branch="false"/>
							</lines>
						</method>
						<method name="length" signature="()I" line-rate="1.0" branch-rate="1.0">
							<lines>
								<line number="64" hits="8648" branch="false"/>
							</lines>
						</method>
						<method name="value" signature="()Ljava/lang/Object;" line-rate="1.0" branch-rate="1.0">
							<lines>
							</lines>
						</method>
						<method name="value" signature="()Ljava/lang/String;" line-rate="1.0" branch-rate="1.0">
							<lines>
								<line number="69" hits="8576" branch="false"/>
							</lines>
						</method>
					</methods>
					<lines>
						<line number="55" hits="17224" branch="false"/>
						<line number="58" hits="8648" branch="false"/>
						<line number="59" hits="8648" branch="false"/>
						<line number="60" hits="8648" branch="false"/>
						<line number="64" hits="8648" branch="false"/>
						<line number="69" hits="8576" branch="false"/>
					</lines>
				</class>
				<class name="smallibs.suitcase.cases.genlex.Token$StringToken" filename="smallibs/suitcase/cases/genlex/Token.java" line-rate="1.0" branch-rate="1.0" complexity="1.0">
					<methods>
						<method name="&lt;init&gt;" signature="(ILjava/lang/String;)V" line-rate="1.0" branch-rate="1.0">
							<lines>
								<line number="121" hits="25349" branch="false"/>
								<line number="122" hits="25349" branch="false"/>
								<line number="123" hits="25349" branch="false"/>
								<line number="124" hits="25349" branch="false"/>
							</lines>
						</method>
						<method name="&lt;init&gt;" signature="(ILjava/lang/String;Lsmallibs/suitcase/cases/genlex/Token$1;)V" line-rate="1.0" branch-rate="1.0">
							<lines>
								<line number="117" hits="31048" branch="false"/>
							</lines>
						</method>
						<method name="length" signature="()I" line-rate="1.0" branch-rate="1.0">
							<lines>
								<line number="128" hits="25349" branch="false"/>
							</lines>
						</method>
						<method name="value" signature="()Ljava/lang/Object;" line-rate="1.0" branch-rate="1.0">
							<lines>
							</lines>
						</method>
						<method name="value" signature="()Ljava/lang/String;" line-rate="1.0" branch-rate="1.0">
							<lines>
								<line number="133" hits="5699" branch="false"/>
							</lines>
						</method>
					</methods>
					<lines>
						<line number="117" hits="31048" branch="false"/>
						<line number="121" hits="25349" branch="false"/>
						<line number="122" hits="25349" branch="false"/>
						<line number="123" hits="25349" branch="false"/>
						<line number="124" hits="25349" branch="false"/>
						<line number="128" hits="25349" branch="false"/>
						<line number="133" hits="5699" branch="false"/>
					</lines>
				</class>
				<class name="smallibs.suitcase.cases.genlex.TokenStream" filename="smallibs/suitcase/cases/genlex/TokenStream.java" line-rate="1.0" branch-rate="1.0" complexity="1.45">
					<methods>
						<method name="&lt;init&gt;" signature="(Lsmallibs/suitcase/cases/genlex/Lexer;Ljava/lang/CharSequence;)V" line-rate="1.0" branch-rate="1.0">
							<lines>
								<line number="36" hits="64" branch="false"/>
								<line number="37" hits="64" branch="false"/>
								<line number="38" hits="64" branch="false"/>
								<line number="39" hits="64" branch="false"/>
							</lines>
						</method>
						<method name="&lt;init&gt;" signature="(Lsmallibs/suitcase/cases/genlex/TokenStream;)V" line-rate="1.0" branch-rate="1.0">
							<lines>
								<line number="41" hits="48566" branch="false"/>
								<line number="42" hits="48566" branch="false"/>
								<line number="43" hits="48566" branch="false"/>
								<line number="44" hits="48566" branch="false"/>
							</lines>
						</method>
						<method name="isEmpty" signature="()Z" line-rate="1.0" branch-rate="1.0">
							<lines>
								<line number="70" hits="51" branch="false"/>
								<line number="72" hits="51" branch="true" condition-coverage="100% (2/2)">
									<conditions>
										<condition number="0" type="jump" coverage="100%"/>
									</conditions>
								</line>
							</lines>
						</method>
						<method name="nextToken" signature="()Lsmallibs/suitcase/cases/genlex/Token;" line-rate="1.0" branch-rate="1.0">
							<lines>
								<line number="51" hits="20164" branch="true" condition-coverage="100% (2/2)">
									<conditions>
										<condition number="0" type="jump" coverage="100%"/>
									</conditions>
								</line>
								<line number="52" hits="12" branch="false"/>
								<line number="55" hits="20152" branch="false"/>
								<line number="57" hits="20152" branch="true" condition-coverage="100% (2/2)">
									<conditions>
										<condition number="0" type="jump" coverage="100%"/>
									</conditions>
								</line>
								<line number="58" hits="179360" branch="false"/>
								<line number="59" hits="179360" branch="true" condition-coverage="100% (2/2)">
									<conditions>
										<condition number="0" type="jump" coverage="100%"/>
									</conditions>
								</line>
								<line number="60" hits="20107" branch="false"/>
								<line number="61" hits="20107" branch="false"/>
								<line number="63" hits="159253" branch="false"/>
								<line number="65" hits="45" branch="false"/>
							</lines>
						</method>
						<method name="performSkip" signature="()V" line-rate="1.0" branch-rate="1.0">
							<lines>
								<line number="84" hits="34199" branch="false"/>
								<line number="85" hits="34199" branch="true" condition-coverage="100% (2/2)">
									<conditions>
										<condition number="0" type="jump" coverage="100%"/>
									</conditions>
								</line>
								<line number="86" hits="34098" branch="false"/>
[...]
							<lines>
								<line number="78" hits="0" branch="false"/>
							</lines>
						</method>
						<method name="function" signature="(Lsmallibs/suitcase/utils/Function7;)Lsmallibs/suitcase/utils/Function;" line-rate="0.0" branch-rate="1.0">
							<lines>
								<line number="87" hits="0" branch="false"/>
							</lines>
						</method>
						<method name="function" signature="(Lsmallibs/suitcase/utils/Function8;)Lsmallibs/suitcase/utils/Function;" line-rate="0.0" branch-rate="1.0">
							<lines>
								<line number="96" hits="0" branch="false"/>
							</lines>
						</method>
					</methods>
					<lines>
						<line number="21" hits="0" branch="false"/>
						<line number="24" hits="170" branch="false"/>
						<line number="33" hits="12" branch="false"/>
						<line number="42" hits="18" branch="false"/>
						<line number="51" hits="1" branch="false"/>
						<line number="60" hits="1" branch="false"/>
						<line number="69" hits="0" branch="false"/>
						<line number="78" hits="0" branch="false"/>
						<line number="87" hits="0" branch="false"/>
						<line number="96" hits="0" branch="false"/>
					</lines>
				</class>
				<class name="smallibs.suitcase.utils.Functions$1" filename="smallibs/suitcase/utils/Functions.java" line-rate="1.0" branch-rate="1.0" complexity="1.0">
					<methods>
						<method name="&lt;init&gt;" signature="(Ljava/lang/Object;)V" line-rate="1.0" branch-rate="1.0">
							<lines>
								<line number="24" hits="170" branch="false"/>
							</lines>
						</method>
						<method name="apply" signature="(Ljava/lang/Object;)Ljava/lang/Object;" line-rate="1.0" branch-rate="1.0">
							<lines>
								<line number="27" hits="93" branch="false"/>
							</lines>
						</method>
					</methods>
					<lines>
						<line number="24" hits="170" branch="false"/>
						<line number="27" hits="93" branch="false"/>
					</lines>
				</class>
				<class name="smallibs.suitcase.utils.Functions$2" filename="smallibs/suitcase/utils/Functions.java" line-rate="1.0" branch-rate="1.0" complexity="1.0">
					<methods>
						<method name="&lt;init&gt;" signature="(Lsmallibs/suitcase/utils/Function0;)V" line-rate="1.0" branch-rate="1.0">
							<lines>
							</lines>
						</method>
						<method name="apply" signature="(Ljava/lang/Object;)Ljava/lang/Object;" line-rate="1.0" branch-rate="1.0">
							<lines>
								<line number="33" hits="28" branch="false"/>
							</lines>
						</method>
						<method name="apply" signature="(Ljava/lang/Void;)Ljava/lang/Object;" line-rate="1.0" branch-rate="1.0">
							<lines>
								<line number="36" hits="16" branch="false"/>
							</lines>
						</method>
					</methods>
					<lines>
						<line number="33" hits="28" branch="false"/>
						<line number="36" hits="16" branch="false"/>
					</lines>
				</class>
				<class name="smallibs.suitcase.utils.Functions$3" filename="smallibs/suitcase/utils/Functions.java" line-rate="1.0" branch-rate="1.0" complexity="1.0">
					<methods>
						<method name="&lt;init&gt;" signature="(Lsmallibs/suitcase/utils/Function2;)V" line-rate="1.0" branch-rate="1.0">
							<lines>
							</lines>
						</method>
						<method name="apply" signature="(Ljava/lang/Object;)Ljava/lang/Object;" line-rate="1.0" branch-rate="1.0">
							<lines>
								<line number="42" hits="6629" branch="false"/>
							</lines>
						</method>
						<method name="apply" signature="(Lsmallibs/suitcase/utils/Pair;)Ljava/lang/Object;" line-rate="1.0" branch-rate="1.0">
							<lines>
								<line number="45" hits="6611" branch="false"/>
							</lines>
						</method>
					</methods>
					<lines>
						<line number="42" hits="6629" branch="false"/>
						<line number="45" hits="6611" branch="false"/>
					</lines>
				</class>
				<class name="smallibs.suitcase.utils.Functions$4" filename="smallibs/suitcase/utils/Functions.java" line-rate="1.0" branch-rate="1.0" complexity="1.0">
					<methods>
						<method name="&lt;init&gt;" signature="(Lsmallibs/suitcase/utils/Function3;)V" line-rate="1.0" branch-rate="1.0">
							<lines>
							</lines>
						</method>
						<method name="apply" signature="(Ljava/lang/Object;)Ljava/lang/Object;" line-rate="1.0" branch-rate="1.0">
							<lines>
								<line number="51" hits="6" branch="false"/>
							</lines>
						</method>
						<method name="apply" signature="(Lsmallibs/suitcase/utils/Pair;)Ljava/lang/Object;" line-rate="1.0" branch-rate="1.0">
							<lines>
								<line number="54" hits="5" branch="false"/>
							</lines>
						</method>
					</methods>
					<lines>
						<line number="51" hits="6" branch="false"/>
						<line number="54" hits="5" branch="false"/>
					</lines>
				</class>
				<class name="smallibs.suitcase.utils.Functions$5" filename="smallibs/suitcase/utils/Functions.java" line-rate="1.0" branch-rate="1.0" complexity="1.0">
					<methods>
						<method name="&lt;init&gt;" signature="(Lsmallibs/suitcase/utils/Function4;)V" line-rate="1.0" branch-rate="1.0">
							<lines>
							</lines>
						</method>
						<method name="apply" signature="(Ljava/lang/Object;)Ljava/lang/Object;" line-rate="1.0" branch-rate="1.0">
							<lines>
								<line number="60" hits="9" branch="false"/>
							</lines>
						</method>
						<method name="apply" signature="(Lsmallibs/suitcase/utils/Pair;)Ljava/lang/Object;" line-rate="1.0" branch-rate="1.0">
							<lines>
								<line number="63" hits="8" branch="false"/>
							</lines>
						</method>
					</methods>
					<lines>
						<line number="60" hits="9" branch="false"/>
						<line number="63" hits="8" branch="false"/>
					</lines>
				</class>
				<class name="smallibs.suitcase.utils.Functions$6" filename="smallibs/suitcase/utils/Functions.java" line-rate="0.0" branch-rate="1.0" complexity="1.0">
					<methods>
						<method name="&lt;init&gt;" signature="(Lsmallibs/suitcase/utils/Function5;)V" line-rate="1.0" branch-rate="1.0">
							<lines>
							</lines>
						</method>
						<method name="apply" signature="(Ljava/lang/Object;)Ljava/lang/Object;" line-rate="0.0" branch-rate="1.0">
							<lines>
								<line number="69" hits="0" branch="false"/>
							</lines>
						</method>
						<method name="apply" signature="(Lsmallibs/suitcase/utils/Pair;)Ljava/lang/Object;" line-rate="0.0" branch-rate="1.0">
							<lines>
								<line number="72" hits="0" branch="false"/>
							</lines>
						</method>
					</methods>
					<lines>
						<line number="69" hits="0" branch="false"/>
						<line number="72" hits="0" branch="false"/>
					</lines>
				</class>
				<class name="smallibs.suitcase.utils.Functions$7" filename="smallibs/suitcase/utils/Functions.java" line-rate="0.0" branch-rate="1.0" complexity="1.0">
					<methods>
						<method name="&lt;init&gt;" signature="(Lsmallibs/suitcase/utils/Function6;)V" line-rate="1.0" branch-rate="1.0">
							<lines>
							</lines>
						</method>
						<method name="apply" signature="(Ljava/lang/Object;)Ljava/lang/Object;" line-rate="0.0" branch-rate="1.0">
							<lines>
								<line number="78" hits="0" branch="false"/>
							</lines>
						</method>
						<method name="apply" signature="(Lsmallibs/suitcase/utils/Pair;)Ljava/lang/Object;" line-rate="0.0" branch-rate="1.0">
							<lines>
								<line number="81" hits="0" branch="false"/>
							</lines>
						</method>
					</methods>
					<lines>
						<line number="78" hits="0" branch="false"/>
						<line number="81" hits="0" branch="false"/>
					</lines>
				</class>
				<class name="smallibs.suitcase.utils.Functions$8" filename="smallibs/suitcase/utils/Functions.java" line-rate="0.0" branch-rate="1.0" complexity="1.0">
					<methods>
						<method name="&lt;init&gt;" signature="(Lsmallibs/suitcase/utils/Function7;)V" line-rate="1.0" branch-rate="1.0">
							<lines>
							</lines>
						</method>
						<method name="apply" signature="(Ljava/lang/Object;)Ljava/lang/Object;" line-rate="0.0" branch-rate="1.0">
							<lines>
								<line number="87" hits="0" branch="false"/>
							</lines>
						</method>
						<method name="apply" signature="(Lsmallibs/suitcase/utils/Pair;)Ljava/lang/Object;" line-rate="0.0" branch-rate="1.0">
							<lines>
								<line number="90" hits="0" branch="false"/>
							</lines>
						</method>
					</methods>
					<lines>
						<line number="87" hits="0" branch="false"/>
						<line number="90" hits="0" branch="false"/>
					</lines>
				</class>
				<class name="smallibs.suitcase.utils.Functions$9" filename="smallibs/suitcase/utils/Functions.java" line-rate="0.0" branch-rate="1.0" complexity="1.0">
					<methods>
						<method name="&lt;init&gt;" signature="(Lsmallibs/suitcase/utils/Function8;)V" line-rate="1.0" branch-rate="1.0">
							<lines>
							</lines>
						</method>
						<method name="apply" signature="(Ljava/lang/Object;)Ljava/lang/Object;" line-rate="0.0" branch-rate="1.0">
							<lines>
								<line number="96" hits="0" branch="false"/>
							</lines>
						</method>
						<method name="apply" signature="(Lsmallibs/suitcase/utils/Pair;)Ljava/lang/Object;" line-rate="0.0" branch-rate="1.0">
							<lines>
								<line number="99" hits="0" branch="false"/>
							</lines>
						</method>
					</methods>
					<lines>
						<line number="96" hits="0" branch="false"/>
						<line number="99" hits="0" branch="false"/>
					</lines>
				</class>
				<class name="smallibs.suitcase.utils.Option" filename="smallibs/suitcase/utils/Option.java" line-rate="0.8888888888888888" branch-rate="0.8" complexity="1.4545454545454546">
					<methods>
						<method name="&lt;init&gt;" signature="()V" line-rate="1.0" branch-rate="1.0">
							<lines>
								<line number="21" hits="377830" branch="false"/>
								<line number="71" hits="377830" branch="false"/>
							</lines>
						</method>
						<method name="None" signature="()Lsmallibs/suitcase/utils/Option;" line-rate="1.0" branch-rate="1.0">
							<lines>
								<line number="26" hits="217709" branch="false"/>
							</lines>
						</method>
						<method name="Some" signature="(Ljava/lang/Object;)Lsmallibs/suitcase/utils/Option;" line-rate="1.0" branch-rate="1.0">
							<lines>
								<line number="30" hits="126018" branch="false"/>
							</lines>
						</method>
						<method name="isNone" signature="()Z" line-rate="0.75" branch-rate="0.6666666666666666">
							<lines>
								<line number="34" hits="431758" branch="true" condition-coverage="66% (2/3)">
									<conditions>
										<condition number="0" type="switch" coverage="66%"/>
									</conditions>
								</line>
								<line number="36" hits="244161" branch="false"/>
								<line number="38" hits="187597" branch="false"/>
								<line number="40" hits="0" branch="false"/>
							</lines>
						</method>
						<method name="isSome" signature="()Z" line-rate="1.0" branch-rate="1.0">
							<lines>
								<line number="45" hits="55845" branch="true" condition-coverage="100% (2/2)">
									<conditions>
										<condition number="0" type="jump" coverage="100%"/>
									</conditions>
								</line>
							</lines>
						</method>
					</methods>
					<lines>
						<line number="21" hits="377830" branch="false"/>
						<line number="26" hits="217709" branch="false"/>
						<line number="30" hits="126018" branch="false"/>
						<line number="34" hits="431758" branch="true" condition-coverage="66% (2/3)">
							<conditions>
								<condition number="0" type="switch" coverage="66%"/>
							</conditions>
						</line>
						<line number="36" hits="244161" branch="false"/>
						<line number="38" hits="187597" branch="false"/>
						<line number="40" hits="0" branch="false"/>
						<line number="45" hits="55845" branch="true" condition-coverage="100% (2/2)">
							<conditions>
								<condition number="0" type="jump" coverage="100%"/>
							</conditions>
						</line>
						<line number="71" hits="377830" branch="false"/>
					</lines>
				</class>
				<class name="smallibs.suitcase.utils.Option$1" filename="smallibs/suitcase/utils/Option.java" line-rate="1.0" branch-rate="1.0" complexity="1.4545454545454546">
					<methods>
						<method name="&lt;clinit&gt;" signature="()V" line-rate="1.0" branch-rate="1.0">
							<lines>
								<line number="34" hits="1" branch="false"/>
							</lines>
						</method>
					</methods>
					<lines>
						<line number="34" hits="1" branch="false"/>
					</lines>
				</class>
				<class name="smallibs.suitcase.utils.Option$Kind" filename="smallibs/suitcase/utils/Option.java" line-rate="1.0" branch-rate="1.0" complexity="1.4545454545454546">
					<methods>
						<method name="&lt;clinit&gt;" signature="()V" line-rate="1.0" branch-rate="1.0">
							<lines>
								<line number="23" hits="4" branch="false"/>
							</lines>
						</method>
						<method name="&lt;init&gt;" signature="(Ljava/lang/String;I)V" line-rate="1.0" branch-rate="1.0">
							<lines>
							</lines>
						</method>
						<method name="valueOf" signature="(Ljava/lang/String;)Lsmallibs/suitcase/utils/Option$Kind;" line-rate="1.0" branch-rate="1.0">
							<lines>
							</lines>
						</method>
						<method name="values" signature="()[Lsmallibs/suitcase/utils/Option$Kind;" line-rate="1.0" branch-rate="1.0">
							<lines>
							</lines>
						</method>
					</methods>
					<lines>
						<line number="23" hits="4" branch="false"/>
					</lines>
				</class>
				<class name="smallibs.suitcase.utils.Option$NoneCase" filename="smallibs/suitcase/utils/Option.java" line-rate="0.6666666666666666" branch-rate="1.0" complexity="1.4545454545454546">
					<methods>
						<method name="&lt;init&gt;" signature="()V" line-rate="1.0" branch-rate="1.0">
							<lines>
								<line number="56" hits="217709" branch="false"/>
							</lines>
						</method>
						<method name="kind" signature="()Lsmallibs/suitcase/utils/Option$Kind;" line-rate="1.0" branch-rate="1.0">
							<lines>
								<line number="65" hits="244161" branch="false"/>
							</lines>
						</method>
						<method name="value" signature="()Ljava/lang/Object;" line-rate="0.0" branch-rate="1.0">
							<lines>
								<line number="60" hits="0" branch="false"/>
							</lines>
						</method>
					</methods>
					<lines>
						<line number="56" hits="217709" branch="false"/>
						<line number="60" hits="0" branch="false"/>
						<line number="65" hits="244161" branch="false"/>
					</lines>
				</class>
				<class name="smallibs.suitcase.utils.Option$SomeCase" filename="smallibs/suitcase/utils/Option.java" line-rate="1.0" branch-rate="1.0" complexity="1.4545454545454546">
					<methods>
						<method name="&lt;init&gt;" signature="(Ljava/lang/Object;)V" line-rate="1.0" branch-rate="1.0">
							<lines>
								<line number="74" hits="160121" branch="false"/>
								<line number="75" hits="160121" branch="false"/>
								<line number="76" hits="160121" branch="false"/>
							</lines>
						</method>
						<method name="kind" signature="()Lsmallibs/suitcase/utils/Option$Kind;" line-rate="1.0" branch-rate="1.0">
							<lines>
								<line number="85" hits="187597" branch="false"/>
							</lines>
						</method>
						<method name="value" signature="()Ljava/lang/Object;" line-rate="1.0" branch-rate="1.0">
							<lines>
								<line number="80" hits="202962" branch="false"/>
							</lines>
						</method>
					</methods>
					<lines>
						<line number="74" hits="160121" branch="false"/>
						<line number="75" hits="160121" branch="false"/>
						<line number="76" hits="160121" branch="false"/>
						<line number="80" hits="202962" branch="false"/>
						<line number="85" hits="187597" branch="false"/>
					</lines>
				</class>
				<class name="smallibs.suitcase.utils.Pair" filename="smallibs/suitcase/utils/Pair.java" line-rate="0.7692307692307693" branch-rate="0.3" complexity="5.0">
					<methods>
						<method name="&lt;init&gt;" signature="(Ljava/lang/Object;Ljava/lang/Object;)V" line-rate="1.0" branch-rate="1.0">
							<lines>
								<line number="8" hits="9500" branch="false"/>
								<line number="9" hits="9500" branch="false"/>
								<line number="10" hits="9500" branch="false"/>
								<line number="11" hits="9500" branch="false"/>
							</lines>
						</method>
						<method name="equals" signature="(Ljava/lang/Object;)Z" line-rate="1.0" branch-rate="0.375">
							<lines>
								<line number="15" hits="1" branch="true" condition-coverage="50% (1/2)">
									<conditions>
										<condition number="0" type="jump" coverage="50%"/>
									</conditions>
								</line>
								<line number="16" hits="1" branch="true" condition-coverage="50% (1/2)">
									<conditions>
										<condition number="0" type="jump" coverage="50%"/>
									</conditions>
								</line>
								<line number="18" hits="1" branch="false"/>
								<line number="20" hits="1" branch="true" condition-coverage="33% (2/6)">
									<conditions>
										<condition number="0" type="jump" coverage="50%"/>
										<condition number="1" type="jump" coverage="50%"/>
										<condition number="2" type="jump" coverage="0%"/>
									</conditions>
								</line>
								<line number="21" hits="1" branch="true" condition-coverage="33% (2/6)">
									<conditions>
										<condition number="0" type="jump" coverage="50%"/>
										<condition number="1" type="jump" coverage="50%"/>
										<condition number="2" type="jump" coverage="0%"/>
									</conditions>
								</line>
								<line number="23" hits="1" branch="false"/>
							</lines>
						</method>
						<method name="hashCode" signature="()I" line-rate="0.0" branch-rate="0.0">
							<lines>
								<line number="28" hits="0" branch="true" condition-coverage="0% (0/2)">
									<conditions>
										<condition number="0" type="jump" coverage="0%"/>
									</conditions>
								</line>
								<line number="29" hits="0" branch="true" condition-coverage="0% (0/2)">
									<conditions>
										<condition number="0" type="jump" coverage="0%"/>
									</conditions>
								</line>
								<line number="30" hits="0" branch="false"/>
							</lines>
						</method>
					</methods>
					<lines>
						<line number="8" hits="9500" branch="false"/>
						<line number="9" hits="9500" branch="false"/>
						<line number="10" hits="9500" branch="false"/>
						<line number="11" hits="9500" branch="false"/>
						<line number="15" hits="1" branch="true" condition-coverage="50% (1/2)">
							<conditions>
								<condition number="0" type="jump" coverage="50%"/>
							</conditions>
						</line>
						<line number="16" hits="1" branch="true" condition-coverage="50% (1/2)">
							<conditions>
								<condition number="0" type="jump" coverage="50%"/>
							</conditions>
						</line>
						<line number="18" hits="1" branch="false"/>
						<line number="20" hits="1" branch="true" condition-coverage="33% (2/6)">
							<conditions>
								<condition number="0" type="jump" coverage="50%"/>
								<condition number="1" type="jump" coverage="50%"/>
								<condition number="2" type="jump" coverage="0%"/>
							</conditions>
						</line>
						<line number="21" hits="1" branch="true" condition-coverage="33% (2/6)">
							<conditions>
								<condition number="0" type="jump" coverage="50%"/>
								<condition number="1" type="jump" coverage="50%"/>
								<condition number="2" type="jump" coverage="0%"/>
							</conditions>
						</line>
						<line number="23" hits="1" branch="false"/>
						<line number="28" hits="0" branch="true" condition-coverage="0% (0/2)">
							<conditions>
								<condition number="0" type="jump" coverage="0%"/>
							</conditions>
						</line>
						<line number="29" hits="0" branch="true" condition-coverage="0% (0/2)">
							<conditions>
								<condition number="0" type="jump" coverage="0%"/>
							</conditions>
						</line>
						<line number="30" hits="0" branch="false"/>
					</lines>
				</class>
			</classes>
		</package>
	</packages>
</coverage>
