<?xml version="1.0" encoding="UTF-8" ?>
<testsuite tests="24" failures="0" name="smallibs.suitcase.cases.PatternTest" time="0.051" errors="0" skipped="0">
  <properties>
[...]
</properties>
  <testcase classname="smallibs.suitcase.cases.PatternTest" name="shouldMatchNullValueWithNull" time="0.032"/>
  <testcase classname="smallibs.suitcase.cases.PatternTest" name="shouldNotMatchNotNullValueWithNull" time="0"/>
  <testcase classname="smallibs.suitcase.cases.PatternTest" name="shouldMatchConstantValueWithConstant" time="0"/>
  <testcase classname="smallibs.suitcase.cases.PatternTest" name="shouldNotMatchConstantValueWithDifferentConstant" time="0.001"/>
  <testcase classname="smallibs.suitcase.cases.PatternTest" name="shouldNotMatchNullValueWithConstant" time="0"/>
  <testcase classname="smallibs.suitcase.cases.PatternTest" name="shouldMatchValueValueWithTypeOf" time="0.002"/>
  <testcase classname="smallibs.suitcase.cases.PatternTest" name="shouldNotMatchValueValueWithWrongTypeOf" time="0.001"/>
  <testcase classname="smallibs.suitcase.cases.PatternTest" name="shouldNotMatchNullValueWithTypeOf" time="0.001"/>
  <testcase classname="smallibs.suitcase.cases.PatternTest" name="shouldMatchSubTypeValueWithTypeOf" time="0"/>
  <testcase classname="smallibs.suitcase.cases.PatternTest" name="shouldMatchNullValueWithAny" time="0.001"/>
  <testcase classname="smallibs.suitcase.cases.PatternTest" name="shouldMatchNotNullValueWithAny" time="0"/>
  <testcase classname="smallibs.suitcase.cases.PatternTest" name="shouldNilMatchEmptyList" time="0.002"/>
  <testcase classname="smallibs.suitcase.cases.PatternTest" name="shouldNilNotlMatchNonList" time="0"/>
  <testcase classname="smallibs.suitcase.cases.PatternTest" name="shouldConsNotlMatchEmptyList" time="0.001"/>
  <testcase classname="smallibs.suitcase.cases.PatternTest" name="shouldConsMatchNonEmptyList" time="0.001"/>
  <testcase classname="smallibs.suitcase.cases.PatternTest" name="shouldConsMatchListSize2" time="0"/>
  <testcase classname="smallibs.suitcase.cases.PatternTest" name="shouldConsMatchListSize2Exactly" time="0.002"/>
  <testcase classname="smallibs.suitcase.cases.PatternTest" name="shouldMatchTheListExactly" time="0"/>
  <testcase classname="smallibs.suitcase.cases.PatternTest" name="shouldMatchPair" time="0.004"/>
  <testcase classname="smallibs.suitcase.cases.PatternTest" name="shouldMatchPairAndValues" time="0"/>
  <testcase classname="smallibs.suitcase.cases.PatternTest" name="shouldMatchZero" time="0.002"/>
  <testcase classname="smallibs.suitcase.cases.PatternTest" name="shouldNotMatchZero" time="0"/>
  <testcase classname="smallibs.suitcase.cases.PatternTest" name="shouldMatchNonZero" time="0.001"/>
  <testcase classname="smallibs.suitcase.cases.PatternTest" name="shouldNotMatchNonZero" time="0"/>
</testsuite>